131 104 119 131
127 115 99 128
115 131 124 99
96 100 132 109
104 93 83 95
83 95 104 93
211 231 253 266
189 199 209 215
116 145 128 111
122 101 116 130
124 160 177 164
128 105 115 121
95 83 93 104
93 120 118 107
118 121 126 135
121 133 135 110
83 98 104 90
116 93 107 122
102 121 125 121
100 97 76 102
191 177 204 178
119 130 113 107
116 145 128 111
128 119 107 131
101 119 130 119
97 126 147 130
154 192 174 167
110 138 129 122
102 79 97 97
153 193 177 164
122 131 105 127
70 63 49 68
90 104 98 83
116 107 140 137
185 167 182 216
130 109 132 122
164 188 199 168
147 122 109 114
116 107 140 137
175 191 173 149
196 210 159 185
116 107 140 137
108 131 124 106
183 170 165 170
177 164 124 160
49 68 70 63
117 114 117 136
103 106 93 73
207 182 211 244
145 155 156 169
77 67 48 58
94 126 126 123
77 67 48 58
104 93 83 95
117 135 132 109
58 48 67 77
77 67 48 58
122 131 105 127
162 164 153 146
49 68 70 63
70 63 49 68
207 245 213 210
123 119 127 100
122 100 100 116
73 93 106 103
137 140 107 116
102 102 94 77
109 133 131 120
77 67 48 58
111 96 128 133
204 209 202 198
173 172 172 202
155 145 169 156
201 201 213 197
104 93 83 95
169 173 141 142
127 132 123 114
135 135 100 129
109 132 126 118
94 77 102 102
83 83 96 113
115 117 112 94
97 97 79 102
126 97 130 147
152 168 195 172
117 115 94 112
140 137 116 107
203 187 142 187
103 106 93 73
83 95 104 93
93 104 95 83
114 117 113 140
169 173 141 142
100 97 76 102
202 238 220 215
67 77 58 48
114 109 134 111
130 128 130 111
68 49 63 70
107 116 137 140
