2054, 3416 : 67338867
-1681, -2708 : 67228270
4798, 7082 : 67664444
-5016, -1749 : 67314160
-4958, -6709 : 67474654
8217, -6748 : 67603826
-6083, 1580 : 67377442
-7160, 6645 : 67633354
11295, -8853 : 67983260
1527, 10938 : 67893927
11901, 2771 : 67961075
-2299, 11235 : 67889152
-1584, 11746 : 67944711
13012, -12975 : 68487790
-12556, 14219 : 68792490
16731, 1555 : 68524868
-4636, -14539 : 68156064
-13707, 8567 : 68330878
17121, 9389 : 69093870
17483, -4540 : 68610309
-14600, -3955 : 68216566
-13363, -15570 : 69032143
18010, -13637 : 69253028
18123, 13851 : 69755025
4479, 17378 : 68862880
18277, -10572 : 69024330
-15169, -16053 : 69336381
9794, -16545 : 68597877
-13627, -16836 : 69244939
-3502, -16836 : 68396080
3267, -17063 : 68346715
7213, -17333 : 68533904
3555, -17637 : 68436686
-17140, 10245 : 68917406
-17839, -12882 : 69336547
9823, 20290 : 69725721
18911, -19091 : 70070396
-18440, 2678 : 68713319
-19432, 19499 : 70528010
-19476, 3027 : 68890592
-19623, -2620 : 68935327
-19900, 19625 : 70628006
-20075, -7332 : 69214670
-20233, -1188 : 69014369
-20495, 19125 : 70644144
9538, 23014 : 70225320
-20686, -19742 : 70820574
-20956, -15496 : 70219543
-20665, -21997 : 71220708
-22188, 3965 : 69412591
25586, -19769 : 71498993
-22569, 21065 : 71377899
-3876, -24562 : 69749376
-23790, -24435 : 72319506
-23844, -7560 : 69961009
-24311, -17976 : 71256817
27523, -10234 : 70874432
682, -25185 : 69784414
27801, 12530 : 71455200
27933, -11104 : 71041204
-19789, 27383 : 72264543
22040, 27512 : 72893235
-25623, 8128 : 70335739
-4756, -26473 : 70209852
9129, 28098 : 71336672
-19037, 28737 : 72490784
15248, 28779 : 72138442
-20913, -27849 : 72506856
30667, -6585 : 71475757
-654, 29853 : 71366283
18644, -28544 : 71901975
-27758, 24592 : 73158533
31145, 4705 : 71646401
6451, 30367 : 71719651
29582, -28913 : 74204413
31442, -13426 : 72175738
31574, 6605 : 71868656
15867, 30805 : 72736011
13366, -29368 : 71419283
-28600, 26886 : 73856601
31836, 28709 : 75322322
6695, -29535 : 70938375
-17561, -29696 : 72355503
32213, -3051 : 71790742
-8007, -30167 : 71336324
-18365, -30426 : 72678970
-29670, 29044 : 74604131
-15160, -30549 : 72210111
32895, 18715 : 73576403
33050, 31614 : 76364210
19202, 32259 : 73599386
-1587, -30852 : 71174656
-22027, -31056 : 73546022
-30239, -16200 : 72397198
-30398, 12855 : 71968440
-14557, 32785 : 73018245
24949, -31611 : 73806679
17264, 33177 : 73566516
-30902, -2180 : 71409045
24191, -31776 : 73693452
32638, 33538 : 76777381
-7120, -32249 : 71821665
16964, -32424 : 72660272
34806, 4036 : 72649163
-31656, -15103 : 72631337
34985, 27059 : 75782743
35203, -7588 : 72824630
35441, 15512 : 73824108
18669, -33147 : 73100843
4668, 34676 : 72847130
-6611, 34726 : 72952536
35638, -5594 : 72864747
-31025, 34802 : 76482401
-32495, -2741 : 71869052
-22857, -33448 : 74382536
35872, 25466 : 75682943
15513, 35040 : 73867025
-32774, -32891 : 76705941
6328, -33685 : 72035895
36027, 3522 : 72994218
-32944, 27810 : 75138052
-32970, -6938 : 72199616
36201, -23940 : 75061300
3328, 35410 : 73019604
-33592, -7632 : 72427952
2656, -34599 : 72191276
-33801, 34262 : 77020980
36243, 36176 : 78522291
25337, -34795 : 74761634
-14459, 36304 : 74080599
37504, 9758 : 73828852
-19518, -35312 : 74268948
37980, -3886 : 73562658
-34973, -22226 : 74798565
-35028, -5127 : 72710850
-35097, -381 : 72605612
-3796, 37452 : 73710080
38553, 18750 : 75233858
38998, -11682 : 74326682
39062, 2767 : 73925434
39158, -31033 : 77415419
4734, 38366 : 74007149
4348, 38569 : 74064016
20749, 38713 : 75764212
-36425, -7851 : 73308299
39640, 12988 : 74818757
-36518, -12302 : 73730613
-6752, 38870 : 74302271
-32966, 38957 : 78253153
12262, 38997 : 74726803
-36716, -3324 : 73165727
39967, -32761 : 78070109
40243, 18332 : 75714346
38012, -38677 : 79019003
19716, 40186 : 76079133
41310, -29464 : 77781303
16780, 40475 : 75739272
23962, -39048 : 75787342
28421, -39156 : 76711574
-21854, -39392 : 76026768
7356, -39487 : 73914820
41968, 8466 : 75199423
42025, -23617 : 76922705
-39164, -14490 : 74886248
42497, -38304 : 80356582
-26806, 41698 : 77782197
-39517, 38967 : 80070841
12958, -40554 : 74697597
-39891, 28830 : 77437046
-4382, -40753 : 74308736
-39983, -16771 : 75494731
-13898, -40865 : 75213276
-40115, -21981 : 76445260
43416, 26744 : 78363082
-5825, -41142 : 74517325
43781, -35527 : 80045166
31874, 42962 : 79517788
43862, -1003 : 75572010
11692, 43422 : 76202708
14220, 43673 : 76551635
45114, -37050 : 80922856
-42133, -38219 : 81287614
-36224, -43046 : 80948635
-13157, 44804 : 76907327
-35673, -43337 : 80881800
-16816, 44897 : 77336142
46271, 31634 : 80507631
-43101, 29888 : 78774695
-43146, -17533 : 76760464
-27565, -44137 : 78970675
-5340, -44147 : 75592403
-43480, -21099 : 77494765
-43531, 23683 : 77638511
-43561, 19244 : 76909033
-43748, -29901 : 79522985
-43914, 8935 : 75956295
-44055, 8319 : 75969693
13253, -44990 : 76342656
47455, 8545 : 77233247
47638, 31362 : 80944269
-28011, 47038 : 80024915
-516, -45727 : 76042547
48102, 34502 : 81931758
-44925, 15025 : 76855460
-45103, -10572 : 76642580
-45502, -37265 : 82223335
48849, -13373 : 78165899
48891, 30393 : 81184751
-45721, -34676 : 81541753
25681, 48146 : 80038932
-46284, -11629 : 77223647
-16246, 48716 : 78774821
-46443, -18213 : 78155604
-40244, -47459 : 83851610
49864, -2131 : 77944759
-46969, -40154 : 83685968
50151, 16754 : 79161030
13131, -47825 : 77452965
-46991, 37727 : 82217756
50187, -34827 : 82288305
45556, 49356 : 85890479
50389, 5756 : 78274853
-12630, -48178 : 77857307
-41274, -48193 : 84484072
38177, -48220 : 82248843
49997, -48239 : 86189581
-47471, 18328 : 78253324
-9321, -48326 : 77569436
-27997, 49872 : 81162922
-47558, -24201 : 79701604
-47605, -11852 : 77800327
50909, -4937 : 78457743
-2402, -48612 : 77262766
16483, 50337 : 79436877
-48064, -26617 : 80424204
-48241, 23462 : 79387428
51470, 49492 : 88104504
-36319, 50715 : 83435085
51552, 22285 : 80595128
-48490, -24371 : 80117338
-48589, 20127 : 78962020
-48825, 13123 : 78212308
3419, -49687 : 77659193
-48913, 35538 : 82337648
52331, -6101 : 79120388
-49264, -7552 : 78147838
52450, -35777 : 83453608
-49392, 36158 : 82689009
52708, 28314 : 82239305
1652, 52014 : 79205216
-49687, -18102 : 79488948
-1784, -50541 : 78068302
52990, -33982 : 83244002
-1559, -50654 : 78110699
30495, 52195 : 82692414
-44543, 52215 : 86465886
11816, 52247 : 79792520
10485, 52250 : 79691974
53416, 45176 : 87305224
-50355, -3126 : 78382151
53545, 51217 : 89588367
26611, 52821 : 82115318
53732, 24143 : 81838472
53815, 23989 : 81846110
45592, 53024 : 87349814
51566, 53058 : 89541711
2300, -51605 : 78475545
54051, 33863 : 84137540
-50194, -51771 : 89160881
-18452, -51866 : 80265333
-51213, -42076 : 86033887
54513, 42115 : 86723294
-17060, -52267 : 80221314
22244, -52452 : 80434123
-51678, 26518 : 81365762
-20827, -52645 : 81014044
-51817, 8455 : 79131810
13596, 54268 : 80862490
55411, 1495 : 80352526
-28750, 54659 : 83367473
-52440, -36106 : 84679374
-40121, 54891 : 86256984
55760, -43864 : 87105758
8364, 55069 : 80807131
56135, 23263 : 82726661
23671, 55752 : 82848807
-53603, 45116 : 87109281
-53667, 39380 : 85335744
48716, 56039 : 89716139
6715, 56517 : 81387336
22165, 56532 : 82959666
-54284, 45938 : 87668904
-40725, -55183 : 87172443
57557, 52003 : 91558578
57819, 4615 : 81552356
-54744, 34651 : 84510915
-37082, 57173 : 86448357
-54849, -6933 : 80630451
-54991, -21758 : 82459535
19200, 57365 : 82936442
58231, 36732 : 86715579
22449, 57486 : 83451854
58371, 34906 : 86289090
-55198, -50930 : 90878713
58395, -43580 : 88166300
18389, -56084 : 81517799
58465, 31515 : 85493212
54752, -56187 : 90935365
-2675, -56213 : 80697588
-45832, 57770 : 89293779
58886, -28245 : 84634817
25205, 58055 : 84183320
38837, -56553 : 85820599
-33945, -56595 : 85762938
27581, -56880 : 83299554
41007, -57173 : 86697222
-32787, 58717 : 86104342
8314, -57232 : 81223117
59578, -44421 : 88947132
59810, -24592 : 84419954
59854, 34988 : 86986726
-1793, 59180 : 82493097
60073, -50629 : 91139873
-45645, 59302 : 89935326
33583, 59303 : 86561628
50169, -57813 : 89886062
60249, 46015 : 90520269
60649, 4832 : 82941004
-55770, -58346 : 94151895
60702, -38828 : 87912354
60754, -2116 : 82913598
-736, -58511 : 81771650
60862, 5025 : 83054858
-57905, 32207 : 85325689
-58096, 10549 : 82148540
-58104, 6953 : 81970551
-16100, -58990 : 83239475
-33860, -59138 : 86931192
61651, 23918 : 85428528
-26224, 60958 : 85813749
-58753, 34719 : 86327819
-58778, -12971 : 83092826
62055, -35483 : 87721000
-7560, 61292 : 83736897
-59183, 3978 : 82436956
-59255, -27891 : 85712791
62472, 18373 : 84985345
12863, -60168 : 82887746
-59398, 5231 : 82565703
59912, -60366 : 94728438
-36514, -60413 : 88284412
51837, -60470 : 91611908
62850, 13297 : 84607623
52160, -60554 : 91764957
-59730, 38734 : 87848405
48872, -60610 : 90640692
-59831, 17077 : 83622195
8162, -60674 : 82904298
63017, -49645 : 92157091
63067, 45548 : 91674781
-30655, -60731 : 86879876
63281, 1084 : 84189404
48835, -61095 : 90843006
46775, 62641 : 92022220
-60311, 62559 : 96860072
-60313, 17776 : 83944997
55246, 62666 : 95100243
-60350, -42833 : 90334121
-60395, 10501 : 83298361
-60398, -47617 : 91966181
63633, -11968 : 84753569
-60491, 40783 : 88793468
-60754, 13480 : 83699452
21139, -61665 : 84526209
64049, 21311 : 86208150
64115, 27195 : 87264383
-61243, 22025 : 84989547
-61377, 31405 : 86782821
21362, 63835 : 86437970
-7677, -62413 : 84112180
-30402, 64061 : 88195969
64900, 22886 : 86897532
-45780, 64175 : 92341862
-61839, -58447 : 96851173
-3632, -62687 : 84022406
-61861, 57869 : 95495597
-61895, 33651 : 87554491
18339, 64258 : 86235186
6522, 64431 : 85315099
-13836, -62952 : 84972745
-5321, -62983 : 84265831
-42086, 64527 : 91384716
-43907, -63112 : 91851514
53302, 64648 : 95280018
65607, -42590 : 91274209
-59477, 64794 : 97550249
-38777, -63290 : 90333833
65677, 28243 : 88264856
-62510, -48381 : 93238647
65737, -44654 : 91920770
-62692, -12616 : 85059105
39240, 65198 : 90926541
66056, -23861 : 87416755
32431, 65407 : 89280688
6249, 65516 : 85868825
-63334, -38306 : 90401447
15947, 65731 : 86720284
-37718, -64273 : 90515750
26012, -64350 : 86634711
26208, 65904 : 88301418
34117, -64472 : 88303935
59708, -64525 : 96420656
1155, -64664 : 84920205
-63846, 25000 : 86778106
18485, -64695 : 85718409
67055, -12022 : 86533242
58463, -64723 : 96009199
67147, -53261 : 95356827
49628, 66338 : 94774027
67201, -46846 : 93303689
-64064, -11684 : 85694280
67317, 1219 : 86315941
-20994, 66485 : 87773871
67374, 22735 : 88172247
-64233, 57944 : 96586581
25018, -65124 : 86863029
-1903, 66739 : 86382429
67705, 46412 : 94213793
14455, -65379 : 85687082
37519, -65438 : 89591595
7089, 67033 : 86716566
3104, -65663 : 85435246
-26283, -65692 : 88436539
29812, 67199 : 89674975
68052, -7779 : 86808597
68054, -38358 : 91394242
-32127, 67245 : 90222815
36067, -65746 : 89389476
41124, -65763 : 90694097
-9091, 67582 : 87117272
-65250, 41883 : 91445435
68632, 62858 : 100864676
-17264, 67892 : 88033276
68865, 26207 : 89563260
-21385, 68073 : 88685057
-65747, 53192 : 95455566
69051, 29192 : 90244611
6613, -66743 : 86037387
-29011, 68255 : 90110650
69128, -48630 : 94831343
69128, -9384 : 87475652
69165, -22790 : 88903835
52499, -66874 : 94782102
-66089, -13683 : 87001760
69280, 44090 : 94271107
52868, -66990 : 94966496
-46712, -67001 : 94724471
24987, -67134 : 87915849
-66360, -61594 : 100287331
53099, -67358 : 95224077
69719, -31120 : 90666955
27876, 68897 : 90217752
-66627, 21549 : 87691744
-66673, -41882 : 93156286
31929, 69173 : 91194508
70227, 62436 : 101425311
-67070, -57684 : 98997607
-2194, -67908 : 86803367
12423, -67924 : 86930178
-67186, -33130 : 91039019
-67209, 19781 : 87759069
777, 69552 : 87932470
-52547, -68083 : 97376478
-40649, 69686 : 93675229
70554, -13339 : 88542362
-29657, -68251 : 90550257
40346, -68357 : 91775736
3262, 69885 : 88151774
509, -68549 : 87072786
-67751, 20267 : 88118544
4087, -68653 : 87071903
-32187, -68697 : 91374603
47665, -68783 : 94126318
71198, 23197 : 90332565
18072, -68884 : 87931087
71295, -22298 : 90003365
64774, -69032 : 100548427
-68196, 32209 : 90475104
-64651, 70589 : 102398561
-33275, 70606 : 92307593
71534, -42315 : 94238033
-68510, -14303 : 88432907
7785, -69546 : 87627998
-50951, -69569 : 97537480
33800, -69682 : 90929121
-55015, 71202 : 99026523
-20066, -69728 : 89543608
-68905, -56844 : 99567361
20627, -69767 : 88711362
72183, -66508 : 102818496
72334, -17467 : 89950352
-69233, -10364 : 88428015
21548, 71638 : 90680743
57491, -70210 : 98195640
-69436, 21323 : 89202367
72657, -43301 : 95112839
-69482, 69494 : 103941563
10993, 71951 : 89685332
-69748, 12091 : 88472412
72929, -18043 : 90355859
-69752, 44252 : 94489657
-28190, 72097 : 92068069
72152, -70604 : 104538855
72945, -41519 : 94791888
-69789, 36985 : 92472422
41417, -70629 : 93236738
-8892, 72325 : 89774993
-52933, -71074 : 99041089
73460, -36025 : 93732208
73474, -68882 : 104432434
-70363, -18345 : 90007811
73561, 41674 : 95832023
73703, -14368 : 90418929
73744, -20180 : 91090302
73921, -33484 : 93438906
-14485, -71597 : 89862832
-42904, 73265 : 96268276
-70988, 4596 : 88896813
13265, -71839 : 89209528
33009, 73457 : 93852839
74359, 61873 : 103184925
74380, -9859 : 90478702
74382, 10466 : 90700912
-59864, 73688 : 102073244
-71409, -12566 : 89903727
-47165, 73772 : 97803947
74611, -2358 : 90374838
72956, 73839 : 107771087
-71510, -37727 : 94574887
-71639, -46490 : 97253153
74898, 2624 : 90583093
6855, 74079 : 90672243
67774, -72666 : 103503943
374, 74209 : 90617227
-70057, -72719 : 107056667
75063, 5725 : 90796611
-71961, 62082 : 101907876
54549, 74306 : 100524604
75172, 19534 : 92086254
25560, 74377 : 92902653
27698, 74531 : 93382886
36838, 74532 : 95362079
75388, -34163 : 94404156
-59350, -73060 : 102567079
-14180, 74615 : 91504536
75621, 61464 : 103648277
-6114, 75071 : 91258463
75937, 48497 : 99182626
76019, -12047 : 91589600
76179, 21303 : 92928697
76192, 35181 : 95620973
-73052, -12912 : 90905669
-61279, -73965 : 103822721
-66705, 75473 : 105671131
-73149, -42592 : 96870154
12810, 75519 : 91927413
52974, 75526 : 100617343
-66503, 75578 : 105642210
-73317, 66441 : 104374971
76534, 8860 : 91855100
76634, 67704 : 106751556
-2508, -74413 : 90566170
-38939, 76039 : 96784628
6140, 76103 : 91856687
73441, -74717 : 106987875
77073, 67968 : 107080965
77343, -18279 : 92968937
77454, 30696 : 95371134
-50903, 76646 : 100571201
-74378, -12006 : 91610661
77636, -32759 : 95402384
25730, -75420 : 92659986
77863, -69982 : 107062790
-74847, 10244 : 91379877
78045, 27268 : 95047237
62429, 77215 : 104970863
-74882, 14687 : 91690547
78147, -45966 : 98892228
-75100, 967 : 91366047
78536, 46664 : 100055298
76230, 77819 : 111178980
-60176, 77895 : 104409311
35175, 78295 : 97191165
-34797, -76802 : 96626395
-32549, -76994 : 96209635
-76212, -5026 : 92233074
-76250, 4729 : 92091050
-76298, -12250 : 92814513
66461, -77203 : 105152671
-76433, -72207 : 109858343
79617, -45359 : 99569172
-76509, -30675 : 95846321
79717, 46281 : 100609862
-76669, 29675 : 94793662
79882, -28073 : 95858064
-76761, -25154 : 94922850
-52599, 79137 : 102505593
-57879, 79194 : 104302577
12684, 79291 : 94212301
80136, -22046 : 95109315
54078, -77844 : 100930464
80202, 36039 : 98195393
-77033, -76925 : 112317487
-30739, -77915 : 96365567
54948, -77923 : 101266588
-63985, -77994 : 107003443
-77192, 41575 : 97863389
69984, -78050 : 107045039
-77215, 41291 : 97802558
-77221, 79352 : 112156960
24312, 79617 : 95868894
80559, 43293 : 100239260
-69996, 79768 : 109242186
46125, 79780 : 100833088
80663, 30464 : 97272711
-77515, -50179 : 101735268
-25115, 79861 : 96119608
80884, -59793 : 104777518
-77725, -243 : 93014164
-77742, -3196 : 93109416
-48156, -78666 : 101526202
-77867, -9721 : 93567331
-30147, -78716 : 96728337
-78008, -39753 : 98919352
81186, 67771 : 109070072
-78069, -34823 : 97729207
81309, 67216 : 108901522
-78136, 64410 : 105965722
5249, -79037 : 93298115
81418, 22727 : 96381102
80121, -79120 : 112185050
81472, 51963 : 103369149
-16482, 80648 : 95423741
81569, -66630 : 107657872
39364, -79281 : 97574335
-51413, 80799 : 103074945
-44023, -79382 : 100652467
81764, -36730 : 98702215
-56701, 80979 : 104897682
-78726, 58693 : 104107561
82022, 16878 : 95969184
50296, 81276 : 102937310
-57201, 81353 : 105279093
-79128, -15475 : 94960673
-79176, 9444 : 94058246
82382, 56617 : 105441571
22512, 81564 : 96798168
32637, -80117 : 96615372
82475, -64147 : 107215680
-75207, -80234 : 113062499
46805, -80247 : 100052348
82645, 34368 : 99313604
-35536, 81824 : 99422508
-79499, 74329 : 110865099
-79627, -48161 : 102298258
-7681, -80468 : 94628650
16823, 82123 : 96400219
63978, -80703 : 105990066
-71603, -80760 : 111687913
-6554, -80876 : 94805766
-80043, -25868 : 97091121
-80061, -33276 : 98594502
-80121, 14175 : 94944275
75095, 82462 : 112965027
83454, 72638 : 112319947
-80403, 16841 : 95343173
-80428, 78174 : 113089648
83611, 68247 : 110537464
83725, 17225 : 97099508
-80627, 12721 : 95174795
9939, 82989 : 96366941
-80698, 80198 : 114179732
-1388, 83050 : 96088645
84058, 2565 : 96241465
9893, -81821 : 95206972
49292, -81842 : 101679965
-4809, 83419 : 96390123
-81109, -5346 : 95366905
84295, 20554 : 97911836
-4928, -82133 : 95516880
-81495, 16740 : 96043226
-81585, 22905 : 96800230
-81606, -2834 : 95590716
84820, 31620 : 100107317
-13922, 84019 : 97346862
47092, 84034 : 103642163
9040, 84425 : 97246278
55387, -83075 : 104256861
-82242, 72724 : 111531239
82390, 84590 : 117395888
-82259, 22003 : 97122173
85576, -25254 : 98944741
85745, 71774 : 113134161
-82594, -46574 : 103610555
71153, 84970 : 112579364
85822, -82072 : 116349397
85879, -21554 : 98648167
-82712, 35011 : 99629029
85920, -82276 : 116491299
85940, 52312 : 106066198
-82973, -22613 : 98406023
-7204, -83902 : 96836469
86247, 14347 : 98410053
86257, -75109 : 113568207
-83278, -44015 : 103304103
21740, -84135 : 97573798
39121, -84216 : 100492868
86662, -78611 : 115250696
-83690, -49417 : 105132171
86959, -29599 : 100530022
-83903, 16277 : 97601452
-84081, -6304 : 97399744
-248, 86526 : 98377734
-84307, 1464 : 97284007
-84363, -51199 : 106094334
77782, 86723 : 116368491
87603, 47991 : 105775203
78152, 86769 : 116557199
87638, -44743 : 104206981
87650, -18686 : 99495710
-84554, -16791 : 98647031
-84573, 492 : 97475987
87874, 67006 : 112356387
87953, -40152 : 103294847
34868, 87221 : 102678554
88147, -56030 : 107707753
-81171, 87377 : 118024128
-85067, -57885 : 108744124
-7345, -85964 : 98235665
-85162, 21076 : 98946102
670, 87521 : 99051562
7396, -86221 : 98046605
-11930, -86257 : 98825503
77325, -86262 : 114368518
-85493, 27938 : 100144479
64534, 87862 : 111579204
-85564, 85549 : 119127380
-13911, -86443 : 99154713
88952, -61060 : 109823722
-85838, 22485 : 99585888
89024, 3441 : 99557453
68071, 88189 : 113110144
89183, 84392 : 120636154
29925, 88366 : 102461597
-17811, -86863 : 99916188
84914, -86986 : 118213759
89381, -41999 : 104628401
-82293, 88589 : 119167506
-18770, 88590 : 100920285
-86302, 88543 : 120998797
41080, 88681 : 104995682
43480, -87250 : 103405157
-15750, 88775 : 100706213
5462, -87444 : 98852899
-36818, -87447 : 103779282
-86709, -22558 : 100869856
-86716, 42188 : 103825370
89897, 7276 : 100310152
-75114, 89066 : 116338199
89962, -51899 : 107579487
928, 89133 : 100151783
88516, -87836 : 120402556
90331, 82062 : 120123798
90343, -24334 : 101954171
90427, -48477 : 106921418
38956, 89592 : 105094555
-67594, 89639 : 113734819
-36312, -88137 : 104114524
33426, -88202 : 101916838
-69429, -88214 : 114718580
-26174, -88215 : 102126926
-87385, 66207 : 111694770
90596, -82941 : 119217391
57050, 89764 : 110096650
40852, -88277 : 103431292
-46535, 89812 : 107132893
-23153, 89854 : 102366321
-87609, 58846 : 109194002
-87649, 47942 : 105897631
11081, 90024 : 101171610
57440, 90121 : 110440099
-82633, 90233 : 120192675
35608, -88744 : 102668421
91091, -46894 : 106923487
10450, 90300 : 101321049
91179, -2045 : 100988234
-88041, 10159 : 100012149
-6400, -88892 : 100184908
84950, 90425 : 121570454
-88097, 11225 : 100104970
-88102, -78486 : 118655261
-88106, 80083 : 117810255
91311, 20246 : 102546029
91311, 78351 : 118956293
-88139, -86537 : 122427617
34985, -88992 : 102717119
25519, 90515 : 103157333
-88294, -16467 : 101154619
-35080, 90664 : 104991029
-12145, 90674 : 101681150
-12771, -89274 : 100955950
-47653, 90783 : 108047160
-35863, -89287 : 104775069
-88455, 71118 : 114194067
29542, 90931 : 104103381
38739, -89472 : 103759837
91874, -75398 : 116751717
-88769, -40129 : 105805443
86517, -89624 : 120300764
91998, -82223 : 119659404
92002, 14496 : 102338485
-111, -89702 : 100459225
92058, -82348 : 119746596
-88930, 18627 : 101287839
-88945, 49868 : 107240641
-88946, -66635 : 114184979
-31610, -89846 : 104255363
14104, -89874 : 100821180
61425, -89896 : 110230496
-51805, -89897 : 109431448
-89148, 65911 : 112586717
40745, 91667 : 106856655
-9432, -90258 : 101350205
11029, -90366 : 101011465
44212, 91909 : 107842104
-89656, 9958 : 101135200
-89712, 3273 : 101015261
92947, -8845 : 102372953
92968, -38559 : 106177612
-67346, -90769 : 115339190
14977, 92335 : 103125133
93221, 83188 : 122160270
40119, 92393 : 107194010
-90091, -72141 : 117025931
93492, 3810 : 102671253
93499, 53239 : 110979642
93517, -56467 : 111140959
5614, -91552 : 101726179
-17290, -91614 : 103087039
-15154, -91663 : 102867942
-25099, -91730 : 104343901
-38742, -91744 : 107096194
-90917, 11946 : 102141711
-90959, 85336 : 121726899
-871, 93308 : 103075725
91597, -91888 : 123921157
94235, 45357 : 109301888
94307, -42393 : 107906331
-8732, 93513 : 103462405
-4708, -92098 : 102346413
-18523, 93660 : 104430565
67899, -92228 : 113880437
-91440, 25617 : 103891045
43102, -92354 : 106591411
-73691, -92384 : 118808919
-21704, 93925 : 105006867
77838, -92437 : 117864497
63448, 93972 : 114789726
-91646, 9057 : 102522261
66767, -92562 : 113666256
94953, 88074 : 125353169
-91776, 14712 : 102952085
-91810, 37233 : 106087860
-91823, -5405 : 102743602
75836, 94167 : 119599392
-7250, 94262 : 103927743
79990, -92795 : 118974334
-79861, -92857 : 121725116
95201, -18172 : 104585239
-92057, 27825 : 104633583
-58478, 94442 : 113529935
-19810, -93086 : 104459785
-92349, 72420 : 116908412
95621, 4295 : 104217703
-27069, 94787 : 106375476
43215, -93315 : 107255551
-92591, -59690 : 113869220
76170, 94994 : 120207722
-67216, -93581 : 116931949
30238, 95128 : 107094720
-92791, -69834 : 117651077
95976, 61426 : 115107468
-92803, 74805 : 118115659
-45479, 95390 : 110490160
46406, 95392 : 110686497
34076, 95423 : 107983493
-93092, -36561 : 107888741
96285, -31686 : 107128547
-11545, 95490 : 105074975
-15327, -94219 : 104703276
-7486, -94246 : 104042605
96614, -28012 : 106789818
52644, -94345 : 110291655
96701, 44410 : 110712053
-67670, -94373 : 117573563
63500, -94410 : 113637109
78804, -94447 : 119385639
-93691, 85827 : 123383858
-93716, 6372 : 103938244
39570, 96085 : 109561481
-15986, 96098 : 105901818
28119, 96126 : 107452068
97066, 61524 : 115818311
-58350, -94790 : 114552409
-40474, -94813 : 109598525
97335, -67273 : 116963727
-94166, 30016 : 106462752
75435, -95045 : 118356912
-94251, 537 : 104327508
97553, 3868 : 105617029
-55536, 96807 : 114149807
97803, 25858 : 107866239
-94636, -48862 : 111970459
97832, -71185 : 118632848
-3043, 97043 : 105807310
-22131, -95566 : 106560526
97936, 18668 : 107006346
4766, 97204 : 105989430
98122, 77655 : 122452504
63969, 97306 : 117029439
44338, 97334 : 111490629
98200, 65878 : 118014529
-95029, 52138 : 111781321
-95034, 16543 : 105487935
90828, -95962 : 125602654
98313, -45064 : 111194129
98377, -638 : 106124495
-95267, 34221 : 107932754
43951, -96128 : 109313064
94402, -96164 : 127446862
98509, 71061 : 120082504
98513, 67039 : 118617541
98650, 46797 : 112612414
-57261, -96347 : 115191985
98708, -72193 : 119527908
98776, -48030 : 112221578
-95697, -84867 : 125605819
82129, -96551 : 121973186
-95743, 71127 : 118382709
-82995, 98096 : 124721179
-95781, -20175 : 106920185
-53226, 98123 : 114349912
24072, 98158 : 108331523
-77608, 98243 : 122614095
-75216, 98303 : 121721040
-96106, -10891 : 106194746
-96157, 65055 : 116450894
-96189, -20366 : 107243589
99447, -8000 : 106991745
71930, -97114 : 118213006
-96318, 62296 : 115641888
99686, -83215 : 124405462
-95162, -97436 : 131316888
99442, 98975 : 132943900
-96690, -89858 : 128419086
-56067, -97527 : 115590603
-19834, 99092 : 108491192
-96808, -58869 : 116291819
-69628, 99149 : 120166712
-8755, -97727 : 106678170
93382, 99241 : 130144685
-18281, -97817 : 107669303
38906, 99410 : 111707093
92313, 99615 : 129840903
-97346, -14346 : 107423191
65342, -98254 : 116609012
70451, -98288 : 118371228
-97465, -76431 : 123007368
-96996, 99893 : 131989246
-97561, 62757 : 116575979
-97653, 6530 : 106896562
-97660, -67997 : 119891603
-22580, -98541 : 108782884
90545, -98767 : 126938999
-97965, 7027 : 107146983
14971, -98878 : 107339600
-43940, -98945 : 113271020
-98125, 34954 : 110095282
-98458, 41414 : 111534033
-53068, -99311 : 115895454
-15992, -99402 : 108578222
-98639, -24494 : 109619449
-98694, -93268 : 131075938
-98750, 87763 : 126995743
-98990, -66323 : 120124023
-99023, -59872 : 118048639
-99077, 22264 : 109043057
-99586, -84335 : 127520699
-99611, 70076 : 120332785
-99642, -42125 : 113702162
