18404
28667
32391
16371
32767
16383
23787
24544
32607
32695
11751
32750
3429
23045
14273
32695
17325
12274
30674
31699
11249
12072
24571
16380
32761
30707
31739
13297
16361
11665
24535
8175
32730
30696
8026
8167
31741
32758
32718
22181
28635
32427
24520
28666
26220
32727
23551
28651
11760
32740
17401
32742
28670
1242
1435
32750
24518
32727
6653
30700
24511
31406
32739
24568
12265
16383
24572
30409
20327
23528
32670
32642
20476
29688
16614
16362
22013
25577
5070
32739
24513
32716
31868
18426
32751
20353
17352
32721
15866
32678
16359
15341
32712
4083
29282
24572
24540
32717
32763
8129
24574
6471
32751
16358
28510
10664
28655
16346
24564
20333
32695
26020
16368
31736
30694
17279
16252
31091
32718
18871
28298
21728
24515
16377
16312
32762
22430
24573
30657
28122
8815
32729
8104
23291
32752
32760
12272
23543
8164
24524
4082
8136
20450
19367
32762
32502
10095
32731
32765
22805
24532
20194
13234
24144
22924
32713
32753
19923
24254
16377
32766
26592
28666
24574
8186
28154
3498
16357
32767
12001
23497
26416
4379
31595
904
31589
18302
8178
18408
24535
24573
4074
32752
16373
18681
14271
32742
32762
8178
2254
32698
4088
16336
32762
24569
22909
16328
25545
32750
28520
12242
14264
13311
32754
15336
26602
16344
16289
20303
16117
21454
32748
32657
20473
21975
11719
8190
32718
28656
32122
31703
21236
24502
32757
28159
20458
26623
32729
2391
16315
32716
29932
8139
32674
32733
32763
31711
23743
6099
16364
19383
32734
32748
5597
16050
21977
30681
16366
4055
27610
32724
8180
16383
5812
31731
31670
32731
28150
18579
32694
23395
24564
24535
23551
32737
12283
28598
32752
8152
32250
15805
28587
32760
26614
31673
32676
32653
32745
16366
32756
32759
20386
10220
32756
29675
19435
32701
20000
23924
6117
11392
29669
32158
32723
7117
2046
32707
31743
23031
20479
19452
32765
26451
32502
24524
20854
32696
32754
32740
26599
16373
24051
15609
30523
32732
32756
32724
28620
32746
28582
32766
32200
32755
7147
28136
32658
7641
32670
32564
32487
32758
32746
24563
32765
16361
28605
11611
12081
26356
30703
30712
32754
32759
5865
32763
32765
15351
20451
6142
32734
20459
26108
24535
22512
22515
29681
32745
16373
24048
8088
14199
32763
16380
32756
30698
10639
28655
16361
26621
24564
32734
31484
24567
29874
32767
8064
16308
16371
32714
17279
32714
32762
6335
32254
26588
10234
18425
28648
18410
16368
6005
26027
28558
19296
32738
24536
24567
7135
15523
32705
16359
13811
12232
22494
32737
32758
32754
32731
24439
28613
30702
12221
28582
4037
24555
20476
15839
13966
32462
24566
32713
15245
20437
16383
26587
32748
31720
12278
15566
8185
14313
32704
32760
11247
8167
32751
24533
20986
24514
11590
7043
32734
8169
2743
20479
32721
25539
32704
24477
28611
15272
27131
32706
28606
15788
24565
24571
8086
28605
27634
18225
16298
24506
24568
16111
8101
32689
27641
26579
11263
16380
7599
28669
27634
7159
32739
32738
23218
31478
7469
23511
20457
24487
22264
32749
32655
15864
32767
24570
8162
11686
29693
32750
16274
17385
28610
16363
1243
12276
27890
32732
32713
30187
7059
28655
32740
24554
28640
32653
28671
8098
31613
32766
32734
21485
30699
32761
32714
22502
32347
32690
30670
28842
32753
26045
16356
23678
23988
24363
28111
22516
1922
28644
4077
11631
29942
15546
23550
24569
32707
32740
6101
1006
8175
2926
7164
32750
29906
18298
32763
26499
24550
11180
8179
29910
14233
32730
32766
31722
32739
32616
16370
24574
13409
8095
32724
26555
16379
7012
32738
32509
14167
10234
32679
32767
32721
20477
26611
32066
32624
16297
16355
24575
9154
32764
8170
32748
32671
22510
20471
16334
16283
31696
8162
11354
32758
25452
32655
28343
32656
24366
8120
32766
20471
23479
27067
26552
28654
24318
32745
16328
32758
18286
10718
14335
7928
32749
32763
23966
28664
24015
32721
14650
32736
13162
32744
15358
32755
24565
32688
32680
17892
8172
31724
20433
12280
24527
16334
24532
28668
26537
16357
32727
15812
8152
22882
32765
32699
16383
30595
32747
32761
32763
15350
28668
7037
7964
32643
30380
32683
30435
32718
3046
32754
32766
11642
27768
28664
28336
26612
16372
32744
32763
729
32651
31227
24309
23015
12272
32756
28668
32703
31231
32755
32727
10866
2023
12235
32760
16378
14412
28615
6872
7916
5603
15122
24547
32737
24163
24515
32754
31998
26595
16375
24522
24258
32744
10157
11748
32756
32737
29644
32709
7508
12261
32715
24205
14318
12143
16368
28642
16364
24567
32766
14171
4496
14200
13939
16354
28649
25521
32697
32760
28956
16369
32748
21975
19364
32765
32638
32767
32663
9931
32728
16369
32254
16001
31726
32674
28669
12213
8184
18674
15354
8149
28669
32400
15809
32739
6720
31227
4035
31586
28646
22253
32686
27644
24032
32765
19266
16381
16372
23544
32638
31448
8182
24546
12223
28360
32740
4044
24574
28631
32758
28671
20479
16379
3070
25063
30714
18391
27514
16360
32749
31741
32759
32720
32754
16382
30681
23270
8191
32747
32762
3055
32705
16379
8436
6142
21337
32759
14319
19444
32758
28664
27642
8186
24474
32694
24554
16382
32767
32734
32211
15523
14278
16376
31634
21370
28324
24200
31727
31739
16364
20401
32759
32728
29436
6638
4755
31414
16315
8158
16358
26477
31864
24565
29409
32757
28631
7161
32764
31149
20468
32756
32738
24529
5877
32762
28562
24063
32757
15535
18142
21996
31729
24545
28639
24551
30718
32723
32735
24548
29694
32758
32737
4190
26544
32743
21980
10927
32658
12216
19919
30593
16364
32658
32667
14330
16319
2982
32717
28510
16351
27644
32688
15040
12266
32636
16343
24555
30697
20385
32713
32743
28578
13661
24493
32665
32756
28619
5817
32105
16332
8175
26623
19819
32757
29669
12269
6081
17650
30265
12267
31354
16360
32642
12265
19433
9922
30704
24556
28652
27002
30947
32734
16228
3867
16334
32721
29909
32691
1328
30714
14326
5832
32736
24565
24558
16239
12284
2801
6092
13454
3063
32637
32733
32767
32739
24539
24547
28656
32745
31445
24560
23025
20473
25976
32762
24575
8126
32756
8164
32729
32749
18426
4592
21704
32740
14521
28603
10224
15428
20467
8174
24535
16326
32746
5303
28646
32749
15549
32737
30345
32504
15816
26360
28624
24517
30717
22504
14331
26610
12256
32748
2340
20265
9978
22241
32742
24559
32724
29900
22527
23882
28670
32744
16381
5779
20455
8111
32762
29650
16369
17959
32741
32750
32735
32738
31720
27980
32652
10173
16267
24553
9192
26288
15315
32755
32744
24476
24487
3989
8160
20428
32664
16364
5209
30716
5863
12149
23526
32759
9708
32736
22507
28143
10488
32715
32741
32693
24045
26142
32749
22998
16378
16357
14284
28618
32760
22511
16369
20471
14289
12211
12213
28662
5732
20473
8172
24545
32724
7153
21645
8036
32745
32741
32743
32759
32711
24547
23732
24539
24531
28590
24545
32761
32695
16363
16378
32754
28606
15351
31668
28663
22494
32754
4733
15311
32740
32704
16124
24531
28637
24520
30706
32698
32759
30708
16270
32745
11256
10106
28603
30598
28657
32736
32679
24057
16283
31418
16367
11571
32682
24180
24568
6072
32738
10015
30186
22453
28648
32583
2777
32745
30593
32766
12125
24027
14284
16307
28080
32739
30704
14847
32590
16315
16353
20411
8040
18287
17406
32758
30880
16361
32708
9802
22524
28616
32717
32731
32720
16375
16326
30681
21747
24542
32698
26606
32752
12273
7954
32742
32695
30522
32764
15359
32759
20398
24574
14316
15774
32227
32738
32685
14841
11091
5033
32759
32628
32689
15930
15021
4060
32742
29477
32756
32638
8575
21496
16377
15341
32740
14323
16215
32684
30718
12068
22475
24590
32765
14805
32729
31173
30647
22453
32756
5603
7934
32685
16341
1765
28654
23736
22519
18941
22776
21498
32731
32219
32731
22976
30687
27085
16380
14285
16359
32762
32762
28492
28622
32722
12285
29666
32764
32753
32741
6037
16365
5501
27888
31482
11553
5590
24575
32728
6874
32754
32762
30715
26324
12273
8143
28671
32739
32753
12278
32765
28580
32714
28150
32763
32742
32605
13668
32625
24570
16209
16346
11631
32490
16368
32754
21832
7397
32765
5053
32761
20860
32758
24572
20476
24573
32605
32662
24373
16330
24308
32743
30133
26493
20450
14323
32690
32763
13293
32753
24525
16923
8153
16377
12234
32740
14813
7628
32759
20120
30709
16383
24402
25082
28470
16362
5884
11751
20479
12644
32742
32642
20075
32717
16349
16359
2953
32198
29158
10221
3892
26619
32752
32752
32755
32744
32746
18363
13539
4088
5482
12276
32677
32735
22454
11232
32704
16349
24054
24501
22444
28666
31488
32746
24037
16349
16358
7767
32759
32765
24530
22495
24538
32749
6078
11770
24282
32762
32749
32748
32600
16371
32573
16368
32704
32725
24314
32712
32656
24477
24567
30687
32655
32756
8102
30067
24513
12269
20476
12987
4019
5962
32728
30692
1268
12285
32746
28287
32723
32688
32722
8001
500
32461
24850
16296
29295
32728
27550
32754
16171
32719
32698
24570
18901
8164
24550
29881
2027
22974
20473
32762
12229
20288
16353
6007
31743
14272
32760
32664
23551
9201
12264
20440
28569
28650
32738
3059
32748
32579
6050
28662
22496
8138
32499
18366
32697
24556
14824
28632
16379
20437
32241
8181
28634
27635
15357
28483
16379
24570
16379
6141
3002
10169
32400
12026
32754
16376
32761
30716
28228
16335
27632
32761
20460
22513
22500
32755
19957
29179
32767
32219
29624
32736
16380
26010
32751
32510
3372
32718
14776
32662
14282
24418
24095
16349
7626
16233
12256
32747
14323
27060
7679
32504
28635
32742
31695
30423
15294
24506
16334
32753
28668
32690
32767
7678
16350
32762
8174
26548
14422
32742
28617
15858
32551
32761
24567
32687
16319
24461
23804
31576
28564
32729
31929
4091
24525
12234
10015
16368
16377
25589
32762
24559
10177
32680
16368
28659
25059
32743
32755
15984
32735
32578
16377
6099
24536
32719
16341
31074
32739
12287
32759
30348
20458
8187
32200
27880
32753
10192
32690
32747
32766
28671
5544
32754
28633
12261
32661
15332
28338
16381
32747
32744
28669
32631
10224
26513
30125
20476
32712
24562
28652
32745
31675
31739
32765
32764
32767
31724
29694
24557
7385
8168
32715
8144
30705
32717
32701
24472
24559
3488
24555
32757
12008
32745
32718
24114
15191
23765
32767
15343
32755
16383
25327
16124
20991
8148
14673
2759
24575
32737
30427
22551
16381
16114
25351
28648
18362
32652
32766
32715
31727
32230
29810
16378
22036
16378
30700
16364
16293
24514
32750
32692
24571
16369
32719
28130
24485
20353
32761
22390
24564
16343
26205
32756
1515
22449
24575
5686
15238
28632
7932
30705
7779
28668
7539
32756
16294
2029
4426
27966
32746
12285
16284
32758
32756
28621
4089
22499
15342
32749
22766
32671
23534
28664
6227
16383
32743
16362
32680
32705
32240
24532
11134
16372
32762
24567
11101
28633
32707
28623
16023
32761
30678
16361
15088
32455
12151
32762
30202
24573
8164
32739
28644
16372
12235
32497
15013
31212
12245
3501
10217
32758
16159
14108
24573
32754
31639
21502
16326
28595
32759
16357
32729
30703
30676
28663
32489
16332
12700
10177
24563
16346
32763
14289
24494
24546
32730
24508
32741
28652
10963
32758
24569
24534
16372
28142
32735
32740
2544
23542
21255
9575
11992
28670
23417
32730
17873
17236
6062
27639
12258
32624
24529
10478
24058
19898
32736
32730
24537
32763
32730
32718
28647
6582
32757
30663
27883
24574
1386
16230
32659
24565
20479
20417
12218
20094
10225
24568
24506
32764
32619
10222
24533
32764
18942
31999
24574
24558
30664
32737
32764
16313
16952
24036
30686
30670
19410
24553
24572
16318
12144
7674
23499
16376
16342
14316
32666
32737
8168
14312
28924
32752
30535
32764
32611
22992
22526
16342
16382
30120
32751
32752
15820
5953
18814
16353
24562
28396
32108
16185
22774
22518
8132
32201
16345
32762
21304
26854
14054
7141
32729
29633
32743
16358
15340
24574
3690
32722
12602
27632
5892
16373
2767
22519
16362
28630
16230
32704
12263
32739
16372
28627
24575
24566
29591
26457
14780
16348
32722
32717
32745
31211
16304
32762
29677
30424
16349
32756
28635
29693
32754
28583
30202
24550
31742
31737
18172
7551
32766
1437
16338
20479
32404
32717
32766
16362
24572
15839
32739
22507
32741
32739
15307
29677
32767
32556
32725
32704
32738
26056
31003
21496
16379
32761
12762
32749
32037
20396
32730
19913
20457
29416
28335
32745
9164
24573
5808
30665
32657
21100
30065
20465
24568
32756
30610
22682
24570
24451
29694
32698
30643
13632
20395
16374
24575
32491
32738
32748
20252
20471
23774
32743
7122
28134
3832
32707
26603
16331
32737
32751
16344
24258
3678
32739
2955
10557
32756
32653
14295
16330
32755
32758
29514
24519
32747
22513
16376
32697
32764
14330
1333
11261
5630
30695
32761
32753
32748
2233
31969
8190
32711
7113
32748
30703
22448
24574
20479
28653
7649
32724
7913
32710
32767
11508
32737
32662
32444
9215
32751
16374
32737
14287
19363
15269
22473
24550
16358
32709
30342
22389
7136
20464
30708
31874
17393
16343
32634
14400
12217
16349
32727
26745
7142
7129
10538
13988
12277
14040
32751
20427
32717
16361
28665
20446
28658
32728
32054
7272
16324
22365
23546
12274
32621
15863
16349
8150
26053
32727
14334
4060
22266
10751
30703
32750
15346
12233
22382
14318
15383
24527
32763
32763
29182
32748
32766
32763
32737
11132
23245
32753
24569
24570
23254
32749
32740
6639
31726
32760
18348
32729
32743
8179
32718
32731
18402
29665
13818
20179
28760
23924
14331
32751
22526
22485
14316
29178
9926
32720
29253
4060
16381
31183
14312
31712
32761
32765
32730
26545
32765
29231
28670
11242
32212
8149
26516
1517
20205
23547
15843
31970
23484
16365
28649
12029
24558
32737
12224
32686
32757
32767
8169
32754
32694
32766
26583
30644
5945
28621
31709
28015
32765
11251
6107
12272
10228
16382
32665
22526
32534
23524
26034
24548
28596
28670
32742
32741
32697
14241
16378
24564
28665
15000
15782
24537
32725
12735
7114
30474
32677
20449
28560
32734
15809
31719
15223
28660
24561
32734
16380
12150
32725
23539
28619
32756
16354
32487
32732
19427
24445
16311
14845
29854
15280
17401
12279
12242
32741
32702
20478
32765
30704
32758
31715
32742
32740
9913
24517
12280
32711
32472
28332
32687
32737
4734
23289
4095
28660
24547
12083
293
28634
23225
32713
32675
32765
16346
32758
32767
8189
24520
28650
31723
30700
32757
18277
7641
23539
16335
25563
24575
32681
16138
32754
15355
16344
28582
32725
32767
16356
28658
11135
24505
32762
32752
23270
6621
3918
32721
3836
32730
32685
6260
16299
5028
27364
32764
32333
31661
26475
20476
16215
32752
31680
29662
8184
32715
10039
32708
24574
28631
6125
24535
11948
32764
16350
28663
31459
28631
28663
32758
32744
17386
10124
24563
15349
32767
12237
14771
1935
1002
24446
32749
24539
24551
32711
2011
32761
32679
8149
8184
28150
16189
16084
28653
32750
2038
23801
32756
14300
15286
32721
30637
30718
30682
9527
32748
32734
32738
22375
21604
32765
30552
24544
16351
20478
2998
24976
6864
16224
30177
12266
24492
15865
19372
27752
31212
8172
32764
32721
16270
16342
28660
642
32692
32622
31196
15352
8171
24561
16360
32676
32764
16338
32228
12263
10221
32273
31608
24566
32737
16378
4001
8189
31733
27596
16364
21343
32754
24562
16383
16383
28622
32719
8187
32738
24567
32687
32731
31725
14307
25527
24560
16255
24169
7911
28029
32740
10741
32753
32745
32760
32702
30718
24575
27440
12197
32740
10186
32758
28576
24571
27622
31267
15444
15314
32751
30188
22989
32700
32706
17400
16327
32666
28257
28636
32732
32765
12281
32640
28309
32763
22510
24547
24563
12278
8056
30407
32753
24429
2002
11237
22085
22479
7161
7994
28648
32750
14552
28633
32744
28660
16329
16362
32646
32712
24556
32748
26492
3560
32764
24514
32553
11446
32760
8162
7888
10153
30693
16312
24074
24226
16370
16358
25391
24575
32751
31723
20423
32759
32765
16349
7479
25822
32757
32756
7130
32239
32747
32757
7147
3063
19420
28634
19394
30699
32739
28139
30177
8168
16342
32758
11547
8129
8182
14327
23929
24565
32730
31691
32737
1567
32717
28663
32753
3069
32741
13280
32705
19849
32711
32761
32746
27640
20463
15946
4085
14335
28384
26623
4015
24556
28670
30623
32721
27409
16363
22424
32752
12180
8189
32733
32755
9691
32757
23771
32481
32750
32767
20361
24557
29677
27509
20475
32740
32748
24541
20398
32760
24568
32765
32767
16303
14327
16334
2020
29620
32712
28636
32749
636
22233
8612
32766
30096
877
24566
16361
15271
31414
16383
8159
20459
26620
32759
16343
32486
20361
12248
32745
24569
17148
32734
21707
32746
24543
31900
7894
13276
16355
4085
1301
8183
12231
12250
8147
24574
5839
32718
24548
32759
32689
12223
24565
32716
32755
20451
23548
24303
32724
27622
32737
12229
23549
16317
23548
24525
30700
32702
8122
32365
8139
30190
15917
32230
14681
19939
32599
29667
1826
32695
24557
32755
13812
12277
24500
9632
32716
15144
32713
6134
28384
6054
24534
31890
11759
32715
32753
16333
30708
32735
24410
32715
32750
3407
32754
30696
22460
19449
32766
26551
28663
18428
16360
24416
24565
15609
24523
16381
20456
28629
8180
32749
15281
25335
18154
29667
24433
32252
32734
26513
3801
21157
28663
32765
23289
16879
32747
8176
32765
6126
29688
16382
32754
29656
16381
9039
16355
30684
30176
16350
4007
32683
28623
1973
32756
27641
28652
32761
13799
16258
6138
32749
20445
24464
32757
32766
28625
16346
32753
32724
32730
15863
32755
32755
15675
21453
10988
24539
14738
14321
16303
30692
8135
15860
28628
24531
30414
29610
24570
32745
16359
16328
7614
32765
32697
4070
18926
16374
24571
14598
9210
32751
24520
24444
31685
8159
30171
32756
29679
32749
17963
15836
32618
32760
24501
32749
30684
32764
24333
14844
21492
20478
32741
24557
25336
24319
16383
32588
28616
32765
16056
25537
20477
24460
23528
24572
24512
32698
32744
27581
28462
12188
24561
28666
32734
30686
9644
32765
15477
29649
20417
15095
14291
32767
19442
32765
31197
8183
27263
32686
28670
23530
32711
14804
28654
32737
16381
8059
24544
12275
26543
24426
8000
32700
23499
16356
28349
32736
16373
24252
16382
32764
28666
16327
2004
14646
16363
32684
24522
32751
32719
18163
22090
32743
32767
20347
32742
28115
32720
6253
28664
16369
12282
32686
6580
27335
4049
32750
32750
10751
19921
18343
12275
16234
23470
16311
24874
5886
22479
16125
32758
32763
15250
20454
14289
16381
30672
32730
32721
26613
21982
32438
32695
32766
16355
32668
24569
31197
24567
26577
31740
32746
8179
26595
12397
32759
32720
8055
32767
32748
32674
26583
30185
7363
18420
32707
14979
30183
28570
14320
28593
30672
14829
32762
30717
4034
22463
7956
30645
5970
20468
24564
32763
30686
4094
30719
12210
15349
16374
12287
16374
16354
32620
32377
32749
16358
24550
24535
24575
7110
32699
29665
32759
16334
12278
32716
28651
7412
22524
24556
16372
32234
30698
29589
24115
2975
32722
32730
15163
16019
24563
32760
16370
30694
28604
32606
32764
12257
27645
13567
32739
24386
24559
28670
32724
32757
31223
6354
32730
24542
32692
32758
32671
5557
28670
32756
11733
28664
24515
21971
22525
20475
32755
14154
24553
14320
32753
24575
12287
11672
24556
31692
3126
32603
24570
32761
26110
16368
32723
15284
15305
28554
16319
32761
24574
16097
27633
32736
32699
22418
31435
16371
13310
32741
2995
23511
32741
16351
32766
32754
30667
8981
21959
32222
8055
32753
32765
12222
32677
16894
32476
26553
32753
19682
32711
32767
32752
28144
22526
25308
29137
32763
3522
30713
16309
22407
28596
24571
32743
32762
32765
12665
32235
32157
29685
4719
32755
24560
22465
32739
32744
32763
18864
32718
30197
25562
16116
32722
16328
14328
25067
32695
29632
32760
32718
28636
24533
16362
32716
7778
32732
32767
28631
14326
32655
30572
11950
32726
6123
24528
16366
32748
13173
31081
32195
16378
18930
5079
10940
1020
8074
30583
16339
7771
16241
31735
30078
16351
32720
5057
9714
24310
32763
16297
32761
16381
8177
32724
32724
24470
32609
32748
12021
12287
32764
8756
16364
32627
32766
16373
28665
32753
22729
2312
25245
32751
32731
25531
28092
32763
24565
23326
6057
32712
24550
32250
28659
16369
28653
32749
8177
32750
7604
28665
10219
23249
32752
32754
11251
27576
18424
32723
22503
12527
16377
31680
4092
23929
31690
14146
19317
25593
32761
32736
16382
16376
17906
32756
22523
28661
32719
27624
32735
28636
24422
28585
24565
24569
32536
32695
32765
28671
20444
15328
3823
15097
30081
32751
32722
32758
15172
30197
16369
24560
28629
3025
31824
9343
16217
32753
14822
28666
21477
16324
8185
22446
5107
32763
24557
27643
10076
24531
31728
32741
28661
32725
14687
12279
26618
21467
32718
28601
25591
16357
16342
1909
24566
32247
32760
24572
24355
28570
14326
13455
23521
16376
32760
32755
26866
16381
28640
31628
8169
28650
5594
32716
24541
22357
12257
31191
12285
24462
16344
13293
32747
28597
32188
32766
28637
30643
12281
27732
16360
28589
24514
3155
19827
10083
32766
8085
24539
14326
29556
24502
4874
24565
32767
32766
20365
29688
32735
17904
32763
28654
8186
30705
30690
13966
32736
3449
32245
16875
23869
32756
28634
10182
27626
8183
19961
28477
16582
19433
14152
4029
18933
15797
12283
26013
23544
1928
14906
15468
16367
30458
8044
24527
23483
17907
26583
11243
16353
15288
15868
24247
11883
16343
31991
28651
32752
32756
24456
32691
19576
32766
22450
28666
30715
16331
24560
32654
16374
32727
24571
27600
30089
24546
32710
16339
12279
19278
23271
16208
32477
32625
27320
22497
14200
23524
23291
32765
32752
14285
16267
28540
7866
32740
23472
16342
6139
24503
32651
32552
32678
32749
16286
20473
32763
25578
15103
32250
10190
19378
32761
32748
31730
23542
16360
32735
32690
24151
28661
28582
32763
14787
32761
32735
32747
28609
23551
32755
24511
24493
31719
8184
32754
28317
26356
32730
12270
25191
11747
32745
32722
12276
21422
32757
12270
32694
32747
10025
6759
28622
32748
32734
28635
12282
29141
32738
24561
23532
14296
32754
28910
15328
24489
11725
12216
16349
16310
26486
16381
16373
32174
32763
32682
15310
16347
31740
28645
15849
32729
7135
32718
27597
21412
20441
32711
32720
32763
8142
26602
15865
12220
24561
12262
28671
32756
3024
28561
32737
8172
28629
32723
28663
24562
15796
32726
24492
14330
19325
18429
32754
16370
4043
28605
28660
32762
32765
24566
31207
24554
24509
19920
32762
3062
1671
20433
13159
28651
24507
22504
21394
32747
7837
16370
32751
5629
32692
12154
32766
15356
32757
30203
31688
30666
16351
10162
11672
31720
17396
8156
24475
4087
19444
32746
31429
32747
10721
17645
14192
32731
32764
12286
18295
16352
23672
15290
27636
8188
28665
32754
15846
28055
32710
12231
20471
18365
32748
32671
30394
32689
8187
32752
32719
24053
28668
16371
28409
24530
24574
24552
16102
32611
22486
32757
31739
16278
32328
24537
16319
8698
24556
2046
9465
32742
28476
24381
32653
14283
12233
32621
20475
20437
24908
30235
13297
26615
32717
32698
22504
5601
32713
28974
30001
28503
9665
8190
30199
32696
16373
12280
32755
16377
32766
15699
25574
31674
31730
30177
9078
32764
14288
22431
3050
24570
32750
24451
22924
30822
30325
32757
26617
27066
30716
30470
32736
28631
12272
16346
16369
24573
7141
24525
32727
23538
16337
12144
32735
1897
30675
32629
32753
16349
8186
24536
32733
23722
20452
12018
32702
31037
5356
15255
32728
28408
19441
15354
24563
32766
15265
16368
26334
20320
30546
30687
32758
32697
32655
12281
15740
8185
16362
32765
32767
4605
25212
15174
23975
22519
24553
16382
23334
26537
30706
27896
14333
16342
28656
32733
32742
32765
24568
24439
26556
32698
5546
32435
32724
8172
32757
22364
6141
7954
16383
31721
19999
23550
8180
21989
24569
16341
31697
28020
21928
15812
7871
16325
24510
32720
16365
32706
14648
15861
31075
32744
12283
17878
4082
16359
26476
24558
15862
28670
12233
32700
29614
32732
3382
3118
32204
16381
30677
32747
32747
8741
30203
15360
31994
32762
31688
14823
31687
30929
16376
22479
32756
14325
32725
21355
32756
8181
32624
18795
12246
18331
20474
24564
16310
32715
30687
10224
32745
16353
7897
22435
32748
14577
32662
12262
28597
32712
32511
32759
29661
999
32744
16034
28661
30687
10471
25835
16304
27364
16318
24547
32750
32742
32761
31743
24563
14329
24552
29051
8148
6867
32626
3890
32767
32720
16383
16353
28616
32744
32706
28648
30672
12277
10155
30703
22524
6381
32765
32758
23521
22517
8176
28561
28509
32714
30456
14053
26083
16352
24572
30675
12184
20711
23542
6138
32767
32767
32747
32766
16370
32757
28664
14486
6130
28668
16343
32731
16371
30711
30704
24526
3991
32763
16361
16370
24535
32705
30111
19341
5872
13304
19906
30702
24556
16368
31180
16379
12213
32702
16297
28651
32750
24534
32090
32757
8166
30706
28626
32676
16371
703
32761
24562
31395
16285
25245
27597
16207
16242
7818
3826
32441
9072
32730
10227
23998
5590
32767
32713
32751
24575
32723
32767
32755
32722
22010
32638
28390
24530
6140
8122
4091
32749
16321
32767
32737
9193
32755
32750
12285
24568
19389
28147
30079
28644
16380
32731
23816
32657
32732
8177
32743
23511
24565
24283
16133
8520
15867
32720
25594
31705
32717
26472
14309
32735
32733
31970
22809
24044
32680
18894
28622
30713
32739
22944
20417
24538
32752
22937
32749
32761
3422
8179
32749
30616
24425
32754
4064
32757
32696
31603
32764
20466
32738
22458
32742
11259
32234
32758
32757
32690
32760
31801
20430
32731
32716
32767
10604
15283
27954
32767
29664
19434
31730
12127
16371
2002
22466
12235
32765
21225
16376
32766
21946
7156
10231
12283
31139
16348
32701
32742
24575
32250
16315
4065
32759
22904
32767
24520
32752
32755
32752
8099
32766
28645
32764
30648
32657
23777
32701
22515
13820
14822
32703
12253
24378
10233
23534
32736
21489
32763
26614
7818
32439
30702
16375
30702
32766
28370
2041
22527
28619
14306
32751
18427
6095
32691
16382
32708
24694
15285
16359
19395
16097
16322
16363
20443
24549
28652
32749
24575
30650
6128
28623
28634
14315
32664
32687
28639
32644
32593
11748
32747
12252
30644
23981
8062
12268
16221
32755
24015
32756
1782
16380
12281
14240
24567
32764
8184
32735
32759
31059
32679
32754
7647
32742
16347
32733
32760
28663
32754
12203
24538
32733
32753
32720
24257
18404
19371
32739
15500
31198
32727
8174
14182
30719
10232
31591
18398
31787
32767
16343
32674
9967
32762
18151
16381
17884
24514
16372
16348
10237
32746
5948
28584
32725
26563
24508
26253
22516
8154
32751
3166
24563
32752
22525
8176
8435
12133
32767
24019
25828
32753
28142
24567
32751
6965
10206
30715
31724
24500
24497
29664
30693
20469
28659
20469
24446
28490
32730
31730
32714
28217
24234
32713
27603
32725
24558
13257
14287
32696
22510
30714
25565
31296
32756
31469
16376
24570
32718
14955
8153
32763
26582
14547
32700
28654
32644
25058
7980
24487
32743
32738
16309
28665
3929
32726
32756
7225
32752
16362
28155
30437
32613
12134
28598
28587
32668
28628
32729
26585
32711
27591
11248
16286
24564
32717
8184
16315
16312
24535
3068
15734
32767
32733
27628
30984
9196
18196
31560
32747
26549
28669
6137
23547
15341
24468
32765
32719
32730
28973
12217
7665
32767
11626
10203
32732
32761
16382
4052
32705
29406
27888
16361
32763
1023
32710
32727
24061
19451
31691
30682
13737
31280
32767
24517
11231
32729
32681
16360
22500
10200
16213
26579
16381
24561
32745
9194
30692
32736
32722
21474
28637
32749
32724
32721
32677
29583
32675
28204
12283
20463
24560
32765
27595
30712
21579
22525
32227
32725
28600
32750
30622
21455
15190
6142
15349
32674
14318
32712
4979
32739
24503
28664
30643
28615
32720
28578
29403
24459
28659
30691
32726
32705
16363
32734
15321
24569
17317
32762
29614
32745
27464
32745
19933
32730
26587
9404
22517
32749
16378
29670
4063
25584
16337
32732
15839
18402
12273
28615
23524
22492
12269
6136
10226
32709
31740
16376
16317
29436
12278
32496
32764
28589
30642
24512
20470
25163
32755
18017
28640
32716
12261
28666
31738
23204
16360
32737
11250
7938
24550
8039
32740
32736
10202
32733
28628
32626
24296
16308
32766
32734
32724
9211
32674
16383
12261
4077
3442
24561
32699
32746
32734
24472
7743
24569
32763
16334
7234
28345
32480
32752
28665
16329
6564
26360
13291
5717
32716
32738
16381
24515
2039
23518
28102
28665
10105
28587
13560
28649
28654
24557
28898
32224
32730
32751
29690
7998
15855
24477
32739
15871
32724
16307
14457
12282
16381
26493
32757
16321
12280
8165
18500
32760
22526
32734
32731
12188
6112
24559
32697
4016
18946
25009
30641
28666
13248
24574
8090
32689
24568
15837
9969
16375
29638
15865
30969
32767
16359
24422
32764
32759
32755
16381
23495
12210
20412
14236
22416
20382
24054
6117
32765
8160
24276
16369
32712
15819
15857
32735
18329
32765
12212
25903
32649
24554
32736
20437
18170
24510
28664
24533
32747
32243
28621
12098
26542
14321
28388
32727
32762
28550
16372
26598
32735
12267
16383
32762
32630
16382
28618
20502
32715
16380
4065
32730
24440
28516
32766
8177
25332
32758
23862
6647
28621
16351
32762
32763
11199
15988
31731
29435
25502
16373
19302
31707
14333
24575
32752
16382
19310
3426
16363
32739
32765
6113
31880
15250
10180
27614
28666
32765
14537
12226
32757
24539
9203
26364
26039
32690
4089
14289
17572
32727
26606
24253
9723
27179
15312
16090
32747
32724
31614
26039
32760
11116
32767
32760
11242
6490
32751
12195
28616
12260
30700
32745
32729
32198
29124
7830
32743
21497
19440
32255
31217
24559
32758
16381
32726
30717
4085
30704
16360
24574
32764
8107
3930
6141
24549
32731
10726
32722
24519
32764
16381
21979
16288
11230
16367
32749
24559
28623
22877
16377
23521
5079
16350
10458
28668
16304
32701
24568
29673
7294
12793
32377
22527
7635
14335
16373
10198
7605
31474
8160
7130
28504
24573
23866
32762
15289
10982
24513
24551
1983
32746
32732
30698
4090
32236
13354
16323
10225
22517
14002
23540
32718
24554
15582
32759
31726
22512
12184
16366
32702
8160
24470
32736
30267
31772
32761
26589
32764
16350
16274
28126
30141
10845
13269
20464
24521
17396
16360
31726
31739
16100
20463
32746
24508
32720
18378
19452
27604
32738
31959
14331
14234
29675
24564
32696
19356
22442
8172
32612
23494
32755
30612
31483
24465
16380
6107
24567
32748
16292
31721
12258
19381
5091
16335
32750
30141
32755
28657
8171
32751
5803
19955
21473
30717
8162
32638
6004
30708
25585
19763
32661
28146
3837
5340
30189
18403
32731
3381
32595
24573
32716
32764
24152
19446
24554
32619
32745
32744
10690
24575
32759
32701
16305
14258
32721
32762
32627
32473
32724
32689
28663
32756
32741
30690
16335
9954
14334
31223
12251
20470
32751
16303
24539
24462
24538
28655
12274
28649
13301
6649
9193
16378
32753
32752
12279
21975
32735
32352
32758
32726
15302
31918
32711
5113
29597
32762
24472
32743
24567
11259
23520
10210
32767
28617
32755
11425
31228
2783
24554
20432
32726
32758
32717
32739
15260
16354
32746
22463
28535
16887
15559
32723
28563
24559
30708
32633
24543
24568
32721
20461
6126
14298
15315
28660
23494
32755
32766
32761
26358
16376
25914
20429
7629
28641
32765
32731
5037
16382
20347
32125
10140
4074
4094
24253
24531
28601
32694
8186
8093
12369
16355
23494
14846
32676
11385
16361
18429
12271
16245
22242
13916
32748
32728
15349
26749
32762
21726
32750
32749
28643
14717
24555
30691
25955
22520
13632
32733
17392
24052
32685
32710
32757
30362
32766
32695
31719
15841
14305
3323
24312
5479
24734
7146
15327
3032
24560
20441
29951
28652
16350
32760
32711
16310
16380
31959
16375
14319
16364
20210
29932
26300
30631
29431
15071
28657
62
32738
24535
9658
8030
19407
28652
32748
26493
30396
20475
22483
16368
28669
30710
32764
28653
30667
32743
30695
24538
32729
3541
16325
8128
32671
9426
31737
23526
8159
32749
4054
29893
23258
24519
32727
28659
15858
16376
14944
24511
24558
32716
32683
8189
31687
5608
28521
12883
32642
32750
32752
2813
6073
28657
32719
24958
4542
26285
32651
30714
12073
24557
28671
16383
32765
16356
32727
31593
5620
32752
32765
32742
3066
20390
22510
32741
14331
16282
24572
32763
5755
22005
32685
30703
23532
24570
32679
28655
32758
24545
12241
32760
21979
32763
21486
12270
15214
32735
12258
32759
22510
14296
12259
7399
6068
28667
24542
32756
32752
32698
24026
28643
12264
32749
31230
24571
28670
8185
8123
24527
15357
5913
4080
32750
32735
32761
24563
28657
23803
32735
10196
8188
24536
32756
24219
22237
27325
32739
12860
16354
28671
32749
27886
8101
12277
30076
32756
11154
14804
32687
24544
8180
32750
32721
24519
32720
30711
20185
8189
6110
32699
31837
13662
16367
10122
16339
18381
32753
24567
29654
22263
32745
8128
26053
29775
27626
29886
15311
32664
12238
28397
28651
32719
12071
27598
15351
28642
32699
28643
24525
22254
8166
24306
32749
22364
32755
22972
28010
15357
30667
23542
16276
32714
18402
32702
12026
16344
32726
3650
32752
32750
8154
28667
1710
28658
28291
16354
14241
26616
5621
24561
16370
31737
16310
16259
28618
24555
5623
24567
32450
23544
8170
32757
2028
32763
32676
14331
28079
7416
16271
5736
32241
22222
4056
32751
32726
16337
16345
12279
24543
6318
22497
3576
7400
32733
27548
32757
28075
15995
31741
32725
11770
24556
26873
18431
12795
15742
26054
12255
32689
32767
31999
12228
23538
30180
9722
32729
26073
11605
32744
11769
16363
14626
985
29656
28669
7107
32384
24568
20474
32716
23142
24567
251
30198
32766
32654
32758
12280
24536
8164
24023
32736
32761
16379
12270
32711
8172
31736
18403
32737
32750
14324
28656
25522
31661
31212
5940
8015
16348
16372
29157
26476
32766
20471
32741
30061
32757
31141
32716
31714
19622
32743
20472
32643
32760
16367
32767
28671
10897
32767
10744
30628
32754
14312
22716
4094
2760
4911
6004
30973
32764
16372
16356
32722
32520
32511
5623
28664
20452
22056
28669
32763
32762
19108
15847
12218
30704
26606
20474
7023
32741
14788
9166
31967
9208
24548
22515
24559
24741
29667
24526
26030
28989
10434
11252
32744
1915
15242
18378
32731
17394
8187
32739
32756
12281
31732
16378
24563
24509
28625
24252
6122
32765
3324
26571
8171
32744
28601
24491
14329
32654
28380
32743
24572
1528
16367
32750
24565
23917
27126
4034
32757
24575
24473
16369
16302
8150
32733
32731
7871
32719
5928
32760
15081
32730
23537
14295
20413
32749
25531
30174
19962
16357
5629
32687
32713
10722
28093
20475
32738
32737
16356
24440
12270
16368
28149
11768
12278
7148
8187
13072
21455
15327
32737
32250
32748
7665
8168
32718
30669
20471
12270
31728
32719
32696
32323
23490
32735
28650
16357
16334
15690
8189
28621
15847
32764
31222
22091
16125
32763
20442
32728
29896
22524
16380
32745
28646
16370
14330
26621
8147
32761
32747
30709
22527
16152
32736
32748
32763
15312
32745
7628
11261
7673
30683
16358
10783
31747
16344
32741
2996
32755
28669
14189
28645
22108
15347
8166
10987
28638
32676
4072
32737
30316
28583
31721
32759
32232
20784
28467
26127
32763
32767
6886
10199
16327
6125
16111
32765
32758
28151
28157
32719
26829
31741
32715
22516
14048
32734
28612
24015
10748
21494
32764
30706
32707
4032
25237
24572
32702
32761
28656
16370
24502
14840
31777
22232
32242
15983
16354
15187
12257
5017
16382
16372
28635
32767
30699
16378
24062
24542
30685
24569
32733
31740
11747
28665
17407
32763
16377
22013
11698
3960
16380
1023
32738
30715
32760
28263
32739
32711
28665
32703
20448
28650
16338
28398
22773
30699
25573
11203
4550
30711
30203
29684
32708
8167
32710
30263
28644
32596
22520
14308
16155
16331
4033
15355
32495
32755
14179
20462
22405
6459
32767
16322
24551
19425
24564
16322
24550
32741
19836
32234
12220
23495
18412
32752
16024
12265
32757
32762
32740
19954
31975
32754
28155
27638
28537
5626
24526
30696
16383
16322
16382
16342
23535
32761
32247
8165
16334
32748
6471
11220
24567
14292
20296
15858
28151
16362
24537
32731
32710
32748
22514
28662
15834
28257
32620
32700
18431
29166
24566
16864
32718
32726
12796
16382
32741
8044
31731
16365
32750
24574
22506
16269
28631
5108
28424
11686
28135
23533
20455
28610
30182
32337
32754
24559
31736
15343
32685
15973
32729
18412
22909
31247
32736
8070
11262
32097
28566
31728
32739
32670
32733
24166
32015
32675
32749
11762
32738
32708
28373
32739
32706
10873
11910
32734
32579
16274
8556
12790
27617
16383
32745
15871
24563
4079
32736
24566
30429
32749
16274
14189
28783
5881
32731
15662
32737
20475
15335
32751
28621
16338
31483
31215
32604
32707
26858
8185
16120
32726
16333
8182
26555
14315
10221
32733
32758
28666
32180
32749
30971
28632
32751
24571
31458
7643
7804
32719
12916
31918
1270
32767
24525
32761
32733
24455
14291
7630
27613
27348
24485
32716
16373
24575
28635
8173
16381
20333
8157
18336
16374
20204
20456
16375
32763
28670
32730
3581
32715
18381
7154
8170
32740
32745
32715
11751
32750
16356
16365
32749
32766
16334
32610
23521
16374
8159
16367
15314
32760
28284
8179
6828
32755
11902
25582
32767
32709
4010
16323
32708
23549
30703
28148
32745
12269
12206
21879
22280
4092
16355
30623
26605
25789
31723
16364
24501
15094
27949
15351
29610
24570
32726
31465
10227
8191
32709
29603
32748
32766
32705
18866
16093
32738
8703
16338
24490
11112
28178
32671
28665
18413
32736
32766
32740
32712
32723
32739
32731
30672
32767
10231
32754
21450
28666
32675
