--------------------------------------------------------------------------------
Cube 1 :       Y       B       B       R       G       Y
Cube 2 :       G       R       Y       G       B       B
Cube 3 :       R       Y       G       B       R       Y
Cube 4 :       B       G       R       Y       R       R
--------------------------------------------------------------------------------

--------------------------------------------------------------------------------
Cube 1 :       B       B       R       Y       G       Y
Cube 2 :       R       Y       G       G       B       B
Cube 3 :       Y       G       B       R       R       Y
Cube 4 :       G       R       Y       B       R       R
--------------------------------------------------------------------------------

--------------------------------------------------------------------------------
Cube 1 :       B       R       Y       B       G       Y
Cube 2 :       Y       G       G       R       B       B
Cube 3 :       G       B       R       Y       R       Y
Cube 4 :       R       Y       B       G       R       R
--------------------------------------------------------------------------------

--------------------------------------------------------------------------------
Cube 1 :       R       Y       B       B       G       Y
Cube 2 :       G       G       R       Y       B       B
Cube 3 :       B       R       Y       G       R       Y
Cube 4 :       Y       B       G       R       R       R
--------------------------------------------------------------------------------

--------------------------------------------------------------------------------
Cube 1 :       Y       R       B       B       Y       G
Cube 2 :       G       G       Y       R       B       B
Cube 3 :       R       B       G       Y       Y       R
Cube 4 :       B       Y       R       G       R       R
--------------------------------------------------------------------------------

--------------------------------------------------------------------------------
Cube 1 :       R       B       B       Y       Y       G
Cube 2 :       G       Y       R       G       B       B
Cube 3 :       B       G       Y       R       Y       R
Cube 4 :       Y       R       G       B       R       R
--------------------------------------------------------------------------------

--------------------------------------------------------------------------------
Cube 1 :       B       B       Y       R       Y       G
Cube 2 :       Y       R       G       G       B       B
Cube 3 :       G       Y       R       B       Y       R
Cube 4 :       R       G       B       Y       R       R
--------------------------------------------------------------------------------

--------------------------------------------------------------------------------
Cube 1 :       B       Y       R       B       Y       G
Cube 2 :       R       G       G       Y       B       B
Cube 3 :       Y       R       B       G       Y       R
Cube 4 :       G       B       Y       R       R       R
--------------------------------------------------------------------------------

--------------------------------------------------------------------------------
Cube 1 :       Y       B       B       R       G       Y
Cube 2 :       G       R       Y       G       B       B
Cube 4 :       B       G       R       Y       R       R
Cube 3 :       R       Y       G       B       R       Y
--------------------------------------------------------------------------------

--------------------------------------------------------------------------------
Cube 1 :       B       B       R       Y       G       Y
Cube 2 :       R       Y       G       G       B       B
Cube 4 :       G       R       Y       B       R       R
Cube 3 :       Y       G       B       R       R       Y
--------------------------------------------------------------------------------

--------------------------------------------------------------------------------
Cube 1 :       B       R       Y       B       G       Y
Cube 2 :       Y       G       G       R       B       B
Cube 4 :       R       Y       B       G       R       R
Cube 3 :       G       B       R       Y       R       Y
--------------------------------------------------------------------------------

--------------------------------------------------------------------------------
Cube 1 :       R       Y       B       B       G       Y
Cube 2 :       G       G       R       Y       B       B
Cube 4 :       Y       B       G       R       R       R
Cube 3 :       B       R       Y       G       R       Y
--------------------------------------------------------------------------------

--------------------------------------------------------------------------------
Cube 1 :       Y       R       B       B       Y       G
Cube 2 :       G       G       Y       R       B       B
Cube 4 :       B       Y       R       G       R       R
Cube 3 :       R       B       G       Y       Y       R
--------------------------------------------------------------------------------

--------------------------------------------------------------------------------
Cube 1 :       R       B       B       Y       Y       G
Cube 2 :       G       Y       R       G       B       B
Cube 4 :       Y       R       G       B       R       R
Cube 3 :       B       G       Y       R       Y       R
--------------------------------------------------------------------------------

--------------------------------------------------------------------------------
Cube 1 :       B       B       Y       R       Y       G
Cube 2 :       Y       R       G       G       B       B
Cube 4 :       R       G       B       Y       R       R
Cube 3 :       G       Y       R       B       Y       R
--------------------------------------------------------------------------------

--------------------------------------------------------------------------------
Cube 1 :       B       Y       R       B       Y       G
Cube 2 :       R       G       G       Y       B       B
Cube 4 :       G       B       Y       R       R       R
Cube 3 :       Y       R       B       G       Y       R
--------------------------------------------------------------------------------

--------------------------------------------------------------------------------
Cube 1 :       Y       B       B       R       G       Y
Cube 3 :       R       Y       G       B       R       Y
Cube 2 :       G       R       Y       G       B       B
Cube 4 :       B       G       R       Y       R       R
--------------------------------------------------------------------------------

--------------------------------------------------------------------------------
Cube 1 :       B       B       R       Y       G       Y
Cube 3 :       Y       G       B       R       R       Y
Cube 2 :       R       Y       G       G       B       B
Cube 4 :       G       R       Y       B       R       R
--------------------------------------------------------------------------------

--------------------------------------------------------------------------------
Cube 1 :       B       R       Y       B       G       Y
Cube 3 :       G       B       R       Y       R       Y
Cube 2 :       Y       G       G       R       B       B
Cube 4 :       R       Y       B       G       R       R
--------------------------------------------------------------------------------

--------------------------------------------------------------------------------
Cube 1 :       R       Y       B       B       G       Y
Cube 3 :       B       R       Y       G       R       Y
Cube 2 :       G       G       R       Y       B       B
Cube 4 :       Y       B       G       R       R       R
--------------------------------------------------------------------------------

--------------------------------------------------------------------------------
Cube 1 :       Y       R       B       B       Y       G
Cube 3 :       R       B       G       Y       Y       R
Cube 2 :       G       G       Y       R       B       B
Cube 4 :       B       Y       R       G       R       R
--------------------------------------------------------------------------------

--------------------------------------------------------------------------------
Cube 1 :       R       B       B       Y       Y       G
Cube 3 :       B       G       Y       R       Y       R
Cube 2 :       G       Y       R       G       B       B
Cube 4 :       Y       R       G       B       R       R
--------------------------------------------------------------------------------

--------------------------------------------------------------------------------
Cube 1 :       B       B       Y       R       Y       G
Cube 3 :       G       Y       R       B       Y       R
Cube 2 :       Y       R       G       G       B       B
Cube 4 :       R       G       B       Y       R       R
--------------------------------------------------------------------------------

--------------------------------------------------------------------------------
Cube 1 :       B       Y       R       B       Y       G
Cube 3 :       Y       R       B       G       Y       R
Cube 2 :       R       G       G       Y       B       B
Cube 4 :       G       B       Y       R       R       R
--------------------------------------------------------------------------------

--------------------------------------------------------------------------------
Cube 1 :       Y       B       B       R       G       Y
Cube 3 :       R       Y       G       B       R       Y
Cube 4 :       B       G       R       Y       R       R
Cube 2 :       G       R       Y       G       B       B
--------------------------------------------------------------------------------

--------------------------------------------------------------------------------
Cube 1 :       B       B       R       Y       G       Y
Cube 3 :       Y       G       B       R       R       Y
Cube 4 :       G       R       Y       B       R       R
Cube 2 :       R       Y       G       G       B       B
--------------------------------------------------------------------------------

--------------------------------------------------------------------------------
Cube 1 :       B       R       Y       B       G       Y
Cube 3 :       G       B       R       Y       R       Y
Cube 4 :       R       Y       B       G       R       R
Cube 2 :       Y       G       G       R       B       B
--------------------------------------------------------------------------------

--------------------------------------------------------------------------------
Cube 1 :       R       Y       B       B       G       Y
Cube 3 :       B       R       Y       G       R       Y
Cube 4 :       Y       B       G       R       R       R
Cube 2 :       G       G       R       Y       B       B
--------------------------------------------------------------------------------

--------------------------------------------------------------------------------
Cube 1 :       Y       R       B       B       Y       G
Cube 3 :       R       B       G       Y       Y       R
Cube 4 :       B       Y       R       G       R       R
Cube 2 :       G       G       Y       R       B       B
--------------------------------------------------------------------------------

--------------------------------------------------------------------------------
Cube 1 :       R       B       B       Y       Y       G
Cube 3 :       B       G       Y       R       Y       R
Cube 4 :       Y       R       G       B       R       R
Cube 2 :       G       Y       R       G       B       B
--------------------------------------------------------------------------------

--------------------------------------------------------------------------------
Cube 1 :       B       B       Y       R       Y       G
Cube 3 :       G       Y       R       B       Y       R
Cube 4 :       R       G       B       Y       R       R
Cube 2 :       Y       R       G       G       B       B
--------------------------------------------------------------------------------

--------------------------------------------------------------------------------
Cube 1 :       B       Y       R       B       Y       G
Cube 3 :       Y       R       B       G       Y       R
Cube 4 :       G       B       Y       R       R       R
Cube 2 :       R       G       G       Y       B       B
--------------------------------------------------------------------------------

--------------------------------------------------------------------------------
Cube 1 :       Y       B       B       R       G       Y
Cube 4 :       B       G       R       Y       R       R
Cube 2 :       G       R       Y       G       B       B
Cube 3 :       R       Y       G       B       R       Y
--------------------------------------------------------------------------------

--------------------------------------------------------------------------------
Cube 1 :       B       B       R       Y       G       Y
Cube 4 :       G       R       Y       B       R       R
Cube 2 :       R       Y       G       G       B       B
Cube 3 :       Y       G       B       R       R       Y
--------------------------------------------------------------------------------

--------------------------------------------------------------------------------
Cube 1 :       B       R       Y       B       G       Y
Cube 4 :       R       Y       B       G       R       R
Cube 2 :       Y       G       G       R       B       B
Cube 3 :       G       B       R       Y       R       Y
--------------------------------------------------------------------------------

--------------------------------------------------------------------------------
Cube 1 :       R       Y       B       B       G       Y
Cube 4 :       Y       B       G       R       R       R
Cube 2 :       G       G       R       Y       B       B
Cube 3 :       B       R       Y       G       R       Y
--------------------------------------------------------------------------------

--------------------------------------------------------------------------------
Cube 1 :       Y       R       B       B       Y       G
Cube 4 :       B       Y       R       G       R       R
Cube 2 :       G       G       Y       R       B       B
Cube 3 :       R       B       G       Y       Y       R
--------------------------------------------------------------------------------

--------------------------------------------------------------------------------
Cube 1 :       R       B       B       Y       Y       G
Cube 4 :       Y       R       G       B       R       R
Cube 2 :       G       Y       R       G       B       B
Cube 3 :       B       G       Y       R       Y       R
--------------------------------------------------------------------------------

--------------------------------------------------------------------------------
Cube 1 :       B       B       Y       R       Y       G
Cube 4 :       R       G       B       Y       R       R
Cube 2 :       Y       R       G       G       B       B
Cube 3 :       G       Y       R       B       Y       R
--------------------------------------------------------------------------------

--------------------------------------------------------------------------------
Cube 1 :       B       Y       R       B       Y       G
Cube 4 :       G       B       Y       R       R       R
Cube 2 :       R       G       G       Y       B       B
Cube 3 :       Y       R       B       G       Y       R
--------------------------------------------------------------------------------

--------------------------------------------------------------------------------
Cube 1 :       Y       B       B       R       G       Y
Cube 4 :       B       G       R       Y       R       R
Cube 3 :       R       Y       G       B       R       Y
Cube 2 :       G       R       Y       G       B       B
--------------------------------------------------------------------------------

--------------------------------------------------------------------------------
Cube 1 :       B       B       R       Y       G       Y
Cube 4 :       G       R       Y       B       R       R
Cube 3 :       Y       G       B       R       R       Y
Cube 2 :       R       Y       G       G       B       B
--------------------------------------------------------------------------------

--------------------------------------------------------------------------------
Cube 1 :       B       R       Y       B       G       Y
Cube 4 :       R       Y       B       G       R       R
Cube 3 :       G       B       R       Y       R       Y
Cube 2 :       Y       G       G       R       B       B
--------------------------------------------------------------------------------

--------------------------------------------------------------------------------
Cube 1 :       R       Y       B       B       G       Y
Cube 4 :       Y       B       G       R       R       R
Cube 3 :       B       R       Y       G       R       Y
Cube 2 :       G       G       R       Y       B       B
--------------------------------------------------------------------------------

--------------------------------------------------------------------------------
Cube 1 :       Y       R       B       B       Y       G
Cube 4 :       B       Y       R       G       R       R
Cube 3 :       R       B       G       Y       Y       R
Cube 2 :       G       G       Y       R       B       B
--------------------------------------------------------------------------------

--------------------------------------------------------------------------------
Cube 1 :       R       B       B       Y       Y       G
Cube 4 :       Y       R       G       B       R       R
Cube 3 :       B       G       Y       R       Y       R
Cube 2 :       G       Y       R       G       B       B
--------------------------------------------------------------------------------

--------------------------------------------------------------------------------
Cube 1 :       B       B       Y       R       Y       G
Cube 4 :       R       G       B       Y       R       R
Cube 3 :       G       Y       R       B       Y       R
Cube 2 :       Y       R       G       G       B       B
--------------------------------------------------------------------------------

--------------------------------------------------------------------------------
Cube 1 :       B       Y       R       B       Y       G
Cube 4 :       G       B       Y       R       R       R
Cube 3 :       Y       R       B       G       Y       R
Cube 2 :       R       G       G       Y       B       B
--------------------------------------------------------------------------------

--------------------------------------------------------------------------------
Cube 2 :       G       R       Y       G       B       B
Cube 1 :       Y       B       B       R       G       Y
Cube 3 :       R       Y       G       B       R       Y
Cube 4 :       B       G       R       Y       R       R
--------------------------------------------------------------------------------

--------------------------------------------------------------------------------
Cube 2 :       R       Y       G       G       B       B
Cube 1 :       B       B       R       Y       G       Y
Cube 3 :       Y       G       B       R       R       Y
Cube 4 :       G       R       Y       B       R       R
--------------------------------------------------------------------------------

--------------------------------------------------------------------------------
Cube 2 :       Y       G       G       R       B       B
Cube 1 :       B       R       Y       B       G       Y
Cube 3 :       G       B       R       Y       R       Y
Cube 4 :       R       Y       B       G       R       R
--------------------------------------------------------------------------------

--------------------------------------------------------------------------------
Cube 2 :       G       G       R       Y       B       B
Cube 1 :       R       Y       B       B       G       Y
Cube 3 :       B       R       Y       G       R       Y
Cube 4 :       Y       B       G       R       R       R
--------------------------------------------------------------------------------

--------------------------------------------------------------------------------
Cube 2 :       G       G       Y       R       B       B
Cube 1 :       Y       R       B       B       Y       G
Cube 3 :       R       B       G       Y       Y       R
Cube 4 :       B       Y       R       G       R       R
--------------------------------------------------------------------------------

--------------------------------------------------------------------------------
Cube 2 :       G       Y       R       G       B       B
Cube 1 :       R       B       B       Y       Y       G
Cube 3 :       B       G       Y       R       Y       R
Cube 4 :       Y       R       G       B       R       R
--------------------------------------------------------------------------------

--------------------------------------------------------------------------------
Cube 2 :       Y       R       G       G       B       B
Cube 1 :       B       B       Y       R       Y       G
Cube 3 :       G       Y       R       B       Y       R
Cube 4 :       R       G       B       Y       R       R
--------------------------------------------------------------------------------

--------------------------------------------------------------------------------
Cube 2 :       R       G       G       Y       B       B
Cube 1 :       B       Y       R       B       Y       G
Cube 3 :       Y       R       B       G       Y       R
Cube 4 :       G       B       Y       R       R       R
--------------------------------------------------------------------------------

--------------------------------------------------------------------------------
Cube 2 :       G       R       Y       G       B       B
Cube 1 :       Y       B       B       R       G       Y
Cube 4 :       B       G       R       Y       R       R
Cube 3 :       R       Y       G       B       R       Y
--------------------------------------------------------------------------------

--------------------------------------------------------------------------------
Cube 2 :       R       Y       G       G       B       B
Cube 1 :       B       B       R       Y       G       Y
Cube 4 :       G       R       Y       B       R       R
Cube 3 :       Y       G       B       R       R       Y
--------------------------------------------------------------------------------

--------------------------------------------------------------------------------
Cube 2 :       Y       G       G       R       B       B
Cube 1 :       B       R       Y       B       G       Y
Cube 4 :       R       Y       B       G       R       R
Cube 3 :       G       B       R       Y       R       Y
--------------------------------------------------------------------------------

--------------------------------------------------------------------------------
Cube 2 :       G       G       R       Y       B       B
Cube 1 :       R       Y       B       B       G       Y
Cube 4 :       Y       B       G       R       R       R
Cube 3 :       B       R       Y       G       R       Y
--------------------------------------------------------------------------------

--------------------------------------------------------------------------------
Cube 2 :       G       G       Y       R       B       B
Cube 1 :       Y       R       B       B       Y       G
Cube 4 :       B       Y       R       G       R       R
Cube 3 :       R       B       G       Y       Y       R
--------------------------------------------------------------------------------

--------------------------------------------------------------------------------
Cube 2 :       G       Y       R       G       B       B
Cube 1 :       R       B       B       Y       Y       G
Cube 4 :       Y       R       G       B       R       R
Cube 3 :       B       G       Y       R       Y       R
--------------------------------------------------------------------------------

--------------------------------------------------------------------------------
Cube 2 :       Y       R       G       G       B       B
Cube 1 :       B       B       Y       R       Y       G
Cube 4 :       R       G       B       Y       R       R
Cube 3 :       G       Y       R       B       Y       R
--------------------------------------------------------------------------------

--------------------------------------------------------------------------------
Cube 2 :       R       G       G       Y       B       B
Cube 1 :       B       Y       R       B       Y       G
Cube 4 :       G       B       Y       R       R       R
Cube 3 :       Y       R       B       G       Y       R
--------------------------------------------------------------------------------

--------------------------------------------------------------------------------
Cube 2 :       G       R       Y       G       B       B
Cube 3 :       R       Y       G       B       R       Y
Cube 1 :       Y       B       B       R       G       Y
Cube 4 :       B       G       R       Y       R       R
--------------------------------------------------------------------------------

--------------------------------------------------------------------------------
Cube 2 :       R       Y       G       G       B       B
Cube 3 :       Y       G       B       R       R       Y
Cube 1 :       B       B       R       Y       G       Y
Cube 4 :       G       R       Y       B       R       R
--------------------------------------------------------------------------------

--------------------------------------------------------------------------------
Cube 2 :       Y       G       G       R       B       B
Cube 3 :       G       B       R       Y       R       Y
Cube 1 :       B       R       Y       B       G       Y
Cube 4 :       R       Y       B       G       R       R
--------------------------------------------------------------------------------

--------------------------------------------------------------------------------
Cube 2 :       G       G       R       Y       B       B
Cube 3 :       B       R       Y       G       R       Y
Cube 1 :       R       Y       B       B       G       Y
Cube 4 :       Y       B       G       R       R       R
--------------------------------------------------------------------------------

--------------------------------------------------------------------------------
Cube 2 :       G       G       Y       R       B       B
Cube 3 :       R       B       G       Y       Y       R
Cube 1 :       Y       R       B       B       Y       G
Cube 4 :       B       Y       R       G       R       R
--------------------------------------------------------------------------------

--------------------------------------------------------------------------------
Cube 2 :       G       Y       R       G       B       B
Cube 3 :       B       G       Y       R       Y       R
Cube 1 :       R       B       B       Y       Y       G
Cube 4 :       Y       R       G       B       R       R
--------------------------------------------------------------------------------

--------------------------------------------------------------------------------
Cube 2 :       Y       R       G       G       B       B
Cube 3 :       G       Y       R       B       Y       R
Cube 1 :       B       B       Y       R       Y       G
Cube 4 :       R       G       B       Y       R       R
--------------------------------------------------------------------------------

--------------------------------------------------------------------------------
Cube 2 :       R       G       G       Y       B       B
Cube 3 :       Y       R       B       G       Y       R
Cube 1 :       B       Y       R       B       Y       G
Cube 4 :       G       B       Y       R       R       R
--------------------------------------------------------------------------------

--------------------------------------------------------------------------------
Cube 2 :       G       R       Y       G       B       B
Cube 3 :       R       Y       G       B       R       Y
Cube 4 :       B       G       R       Y       R       R
Cube 1 :       Y       B       B       R       G       Y
--------------------------------------------------------------------------------

--------------------------------------------------------------------------------
Cube 2 :       R       Y       G       G       B       B
Cube 3 :       Y       G       B       R       R       Y
Cube 4 :       G       R       Y       B       R       R
Cube 1 :       B       B       R       Y       G       Y
--------------------------------------------------------------------------------

--------------------------------------------------------------------------------
Cube 2 :       Y       G       G       R       B       B
Cube 3 :       G       B       R       Y       R       Y
Cube 4 :       R       Y       B       G       R       R
Cube 1 :       B       R       Y       B       G       Y
--------------------------------------------------------------------------------

--------------------------------------------------------------------------------
Cube 2 :       G       G       R       Y       B       B
Cube 3 :       B       R       Y       G       R       Y
Cube 4 :       Y       B       G       R       R       R
Cube 1 :       R       Y       B       B       G       Y
--------------------------------------------------------------------------------

--------------------------------------------------------------------------------
Cube 2 :       G       G       Y       R       B       B
Cube 3 :       R       B       G       Y       Y       R
Cube 4 :       B       Y       R       G       R       R
Cube 1 :       Y       R       B       B       Y       G
--------------------------------------------------------------------------------

--------------------------------------------------------------------------------
Cube 2 :       G       Y       R       G       B       B
Cube 3 :       B       G       Y       R       Y       R
Cube 4 :       Y       R       G       B       R       R
Cube 1 :       R       B       B       Y       Y       G
--------------------------------------------------------------------------------

--------------------------------------------------------------------------------
Cube 2 :       Y       R       G       G       B       B
Cube 3 :       G       Y       R       B       Y       R
Cube 4 :       R       G       B       Y       R       R
Cube 1 :       B       B       Y       R       Y       G
--------------------------------------------------------------------------------

--------------------------------------------------------------------------------
Cube 2 :       R       G       G       Y       B       B
Cube 3 :       Y       R       B       G       Y       R
Cube 4 :       G       B       Y       R       R       R
Cube 1 :       B       Y       R       B       Y       G
--------------------------------------------------------------------------------

--------------------------------------------------------------------------------
Cube 2 :       G       R       Y       G       B       B
Cube 4 :       B       G       R       Y       R       R
Cube 1 :       Y       B       B       R       G       Y
Cube 3 :       R       Y       G       B       R       Y
--------------------------------------------------------------------------------

--------------------------------------------------------------------------------
Cube 2 :       R       Y       G       G       B       B
Cube 4 :       G       R       Y       B       R       R
Cube 1 :       B       B       R       Y       G       Y
Cube 3 :       Y       G       B       R       R       Y
--------------------------------------------------------------------------------

--------------------------------------------------------------------------------
Cube 2 :       Y       G       G       R       B       B
Cube 4 :       R       Y       B       G       R       R
Cube 1 :       B       R       Y       B       G       Y
Cube 3 :       G       B       R       Y       R       Y
--------------------------------------------------------------------------------

--------------------------------------------------------------------------------
Cube 2 :       G       G       R       Y       B       B
Cube 4 :       Y       B       G       R       R       R
Cube 1 :       R       Y       B       B       G       Y
Cube 3 :       B       R       Y       G       R       Y
--------------------------------------------------------------------------------

--------------------------------------------------------------------------------
Cube 2 :       G       G       Y       R       B       B
Cube 4 :       B       Y       R       G       R       R
Cube 1 :       Y       R       B       B       Y       G
Cube 3 :       R       B       G       Y       Y       R
--------------------------------------------------------------------------------

--------------------------------------------------------------------------------
Cube 2 :       G       Y       R       G       B       B
Cube 4 :       Y       R       G       B       R       R
Cube 1 :       R       B       B       Y       Y       G
Cube 3 :       B       G       Y       R       Y       R
--------------------------------------------------------------------------------

--------------------------------------------------------------------------------
Cube 2 :       Y       R       G       G       B       B
Cube 4 :       R       G       B       Y       R       R
Cube 1 :       B       B       Y       R       Y       G
Cube 3 :       G       Y       R       B       Y       R
--------------------------------------------------------------------------------

--------------------------------------------------------------------------------
Cube 2 :       R       G       G       Y       B       B
Cube 4 :       G       B       Y       R       R       R
Cube 1 :       B       Y       R       B       Y       G
Cube 3 :       Y       R       B       G       Y       R
--------------------------------------------------------------------------------

--------------------------------------------------------------------------------
Cube 2 :       G       R       Y       G       B       B
Cube 4 :       B       G       R       Y       R       R
Cube 3 :       R       Y       G       B       R       Y
Cube 1 :       Y       B       B       R       G       Y
--------------------------------------------------------------------------------

--------------------------------------------------------------------------------
Cube 2 :       R       Y       G       G       B       B
Cube 4 :       G       R       Y       B       R       R
Cube 3 :       Y       G       B       R       R       Y
Cube 1 :       B       B       R       Y       G       Y
--------------------------------------------------------------------------------

--------------------------------------------------------------------------------
Cube 2 :       Y       G       G       R       B       B
Cube 4 :       R       Y       B       G       R       R
Cube 3 :       G       B       R       Y       R       Y
Cube 1 :       B       R       Y       B       G       Y
--------------------------------------------------------------------------------

--------------------------------------------------------------------------------
Cube 2 :       G       G       R       Y       B       B
Cube 4 :       Y       B       G       R       R       R
Cube 3 :       B       R       Y       G       R       Y
Cube 1 :       R       Y       B       B       G       Y
--------------------------------------------------------------------------------

--------------------------------------------------------------------------------
Cube 2 :       G       G       Y       R       B       B
Cube 4 :       B       Y       R       G       R       R
Cube 3 :       R       B       G       Y       Y       R
Cube 1 :       Y       R       B       B       Y       G
--------------------------------------------------------------------------------

--------------------------------------------------------------------------------
Cube 2 :       G       Y       R       G       B       B
Cube 4 :       Y       R       G       B       R       R
Cube 3 :       B       G       Y       R       Y       R
Cube 1 :       R       B       B       Y       Y       G
--------------------------------------------------------------------------------

--------------------------------------------------------------------------------
Cube 2 :       Y       R       G       G       B       B
Cube 4 :       R       G       B       Y       R       R
Cube 3 :       G       Y       R       B       Y       R
Cube 1 :       B       B       Y       R       Y       G
--------------------------------------------------------------------------------

--------------------------------------------------------------------------------
Cube 2 :       R       G       G       Y       B       B
Cube 4 :       G       B       Y       R       R       R
Cube 3 :       Y       R       B       G       Y       R
Cube 1 :       B       Y       R       B       Y       G
--------------------------------------------------------------------------------

--------------------------------------------------------------------------------
Cube 3 :       R       Y       G       B       R       Y
Cube 1 :       Y       B       B       R       G       Y
Cube 2 :       G       R       Y       G       B       B
Cube 4 :       B       G       R       Y       R       R
--------------------------------------------------------------------------------

--------------------------------------------------------------------------------
Cube 3 :       Y       G       B       R       R       Y
Cube 1 :       B       B       R       Y       G       Y
Cube 2 :       R       Y       G       G       B       B
Cube 4 :       G       R       Y       B       R       R
--------------------------------------------------------------------------------

--------------------------------------------------------------------------------
Cube 3 :       G       B       R       Y       R       Y
Cube 1 :       B       R       Y       B       G       Y
Cube 2 :       Y       G       G       R       B       B
Cube 4 :       R       Y       B       G       R       R
--------------------------------------------------------------------------------

--------------------------------------------------------------------------------
Cube 3 :       B       R       Y       G       R       Y
Cube 1 :       R       Y       B       B       G       Y
Cube 2 :       G       G       R       Y       B       B
Cube 4 :       Y       B       G       R       R       R
--------------------------------------------------------------------------------

--------------------------------------------------------------------------------
Cube 3 :       R       B       G       Y       Y       R
Cube 1 :       Y       R       B       B       Y       G
Cube 2 :       G       G       Y       R       B       B
Cube 4 :       B       Y       R       G       R       R
--------------------------------------------------------------------------------

--------------------------------------------------------------------------------
Cube 3 :       B       G       Y       R       Y       R
Cube 1 :       R       B       B       Y       Y       G
Cube 2 :       G       Y       R       G       B       B
Cube 4 :       Y       R       G       B       R       R
--------------------------------------------------------------------------------

--------------------------------------------------------------------------------
Cube 3 :       G       Y       R       B       Y       R
Cube 1 :       B       B       Y       R       Y       G
Cube 2 :       Y       R       G       G       B       B
Cube 4 :       R       G       B       Y       R       R
--------------------------------------------------------------------------------

--------------------------------------------------------------------------------
Cube 3 :       Y       R       B       G       Y       R
Cube 1 :       B       Y       R       B       Y       G
Cube 2 :       R       G       G       Y       B       B
Cube 4 :       G       B       Y       R       R       R
--------------------------------------------------------------------------------

--------------------------------------------------------------------------------
Cube 3 :       R       Y       G       B       R       Y
Cube 1 :       Y       B       B       R       G       Y
Cube 4 :       B       G       R       Y       R       R
Cube 2 :       G       R       Y       G       B       B
--------------------------------------------------------------------------------

--------------------------------------------------------------------------------
Cube 3 :       Y       G       B       R       R       Y
Cube 1 :       B       B       R       Y       G       Y
Cube 4 :       G       R       Y       B       R       R
Cube 2 :       R       Y       G       G       B       B
--------------------------------------------------------------------------------

--------------------------------------------------------------------------------
Cube 3 :       G       B       R       Y       R       Y
Cube 1 :       B       R       Y       B       G       Y
Cube 4 :       R       Y       B       G       R       R
Cube 2 :       Y       G       G       R       B       B
--------------------------------------------------------------------------------

--------------------------------------------------------------------------------
Cube 3 :       B       R       Y       G       R       Y
Cube 1 :       R       Y       B       B       G       Y
Cube 4 :       Y       B       G       R       R       R
Cube 2 :       G       G       R       Y       B       B
--------------------------------------------------------------------------------

--------------------------------------------------------------------------------
Cube 3 :       R       B       G       Y       Y       R
Cube 1 :       Y       R       B       B       Y       G
Cube 4 :       B       Y       R       G       R       R
Cube 2 :       G       G       Y       R       B       B
--------------------------------------------------------------------------------

--------------------------------------------------------------------------------
Cube 3 :       B       G       Y       R       Y       R
Cube 1 :       R       B       B       Y       Y       G
Cube 4 :       Y       R       G       B       R       R
Cube 2 :       G       Y       R       G       B       B
--------------------------------------------------------------------------------

--------------------------------------------------------------------------------
Cube 3 :       G       Y       R       B       Y       R
Cube 1 :       B       B       Y       R       Y       G
Cube 4 :       R       G       B       Y       R       R
Cube 2 :       Y       R       G       G       B       B
--------------------------------------------------------------------------------

--------------------------------------------------------------------------------
Cube 3 :       Y       R       B       G       Y       R
Cube 1 :       B       Y       R       B       Y       G
Cube 4 :       G       B       Y       R       R       R
Cube 2 :       R       G       G       Y       B       B
--------------------------------------------------------------------------------

--------------------------------------------------------------------------------
Cube 3 :       R       Y       G       B       R       Y
Cube 2 :       G       R       Y       G       B       B
Cube 1 :       Y       B       B       R       G       Y
Cube 4 :       B       G       R       Y       R       R
--------------------------------------------------------------------------------

--------------------------------------------------------------------------------
Cube 3 :       Y       G       B       R       R       Y
Cube 2 :       R       Y       G       G       B       B
Cube 1 :       B       B       R       Y       G       Y
Cube 4 :       G       R       Y       B       R       R
--------------------------------------------------------------------------------

--------------------------------------------------------------------------------
Cube 3 :       G       B       R       Y       R       Y
Cube 2 :       Y       G       G       R       B       B
Cube 1 :       B       R       Y       B       G       Y
Cube 4 :       R       Y       B       G       R       R
--------------------------------------------------------------------------------

--------------------------------------------------------------------------------
Cube 3 :       B       R       Y       G       R       Y
Cube 2 :       G       G       R       Y       B       B
Cube 1 :       R       Y       B       B       G       Y
Cube 4 :       Y       B       G       R       R       R
--------------------------------------------------------------------------------

--------------------------------------------------------------------------------
Cube 3 :       R       B       G       Y       Y       R
Cube 2 :       G       G       Y       R       B       B
Cube 1 :       Y       R       B       B       Y       G
Cube 4 :       B       Y       R       G       R       R
--------------------------------------------------------------------------------

--------------------------------------------------------------------------------
Cube 3 :       B       G       Y       R       Y       R
Cube 2 :       G       Y       R       G       B       B
Cube 1 :       R       B       B       Y       Y       G
Cube 4 :       Y       R       G       B       R       R
--------------------------------------------------------------------------------

--------------------------------------------------------------------------------
Cube 3 :       G       Y       R       B       Y       R
Cube 2 :       Y       R       G       G       B       B
Cube 1 :       B       B       Y       R       Y       G
Cube 4 :       R       G       B       Y       R       R
--------------------------------------------------------------------------------

--------------------------------------------------------------------------------
Cube 3 :       Y       R       B       G       Y       R
Cube 2 :       R       G       G       Y       B       B
Cube 1 :       B       Y       R       B       Y       G
Cube 4 :       G       B       Y       R       R       R
--------------------------------------------------------------------------------

--------------------------------------------------------------------------------
Cube 3 :       R       Y       G       B       R       Y
Cube 2 :       G       R       Y       G       B       B
Cube 4 :       B       G       R       Y       R       R
Cube 1 :       Y       B       B       R       G       Y
--------------------------------------------------------------------------------

--------------------------------------------------------------------------------
Cube 3 :       Y       G       B       R       R       Y
Cube 2 :       R       Y       G       G       B       B
Cube 4 :       G       R       Y       B       R       R
Cube 1 :       B       B       R       Y       G       Y
--------------------------------------------------------------------------------

--------------------------------------------------------------------------------
Cube 3 :       G       B       R       Y       R       Y
Cube 2 :       Y       G       G       R       B       B
Cube 4 :       R       Y       B       G       R       R
Cube 1 :       B       R       Y       B       G       Y
--------------------------------------------------------------------------------

--------------------------------------------------------------------------------
Cube 3 :       B       R       Y       G       R       Y
Cube 2 :       G       G       R       Y       B       B
Cube 4 :       Y       B       G       R       R       R
Cube 1 :       R       Y       B       B       G       Y
--------------------------------------------------------------------------------

--------------------------------------------------------------------------------
Cube 3 :       R       B       G       Y       Y       R
Cube 2 :       G       G       Y       R       B       B
Cube 4 :       B       Y       R       G       R       R
Cube 1 :       Y       R       B       B       Y       G
--------------------------------------------------------------------------------

--------------------------------------------------------------------------------
Cube 3 :       B       G       Y       R       Y       R
Cube 2 :       G       Y       R       G       B       B
Cube 4 :       Y       R       G       B       R       R
Cube 1 :       R       B       B       Y       Y       G
--------------------------------------------------------------------------------

--------------------------------------------------------------------------------
Cube 3 :       G       Y       R       B       Y       R
Cube 2 :       Y       R       G       G       B       B
Cube 4 :       R       G       B       Y       R       R
Cube 1 :       B       B       Y       R       Y       G
--------------------------------------------------------------------------------

--------------------------------------------------------------------------------
Cube 3 :       Y       R       B       G       Y       R
Cube 2 :       R       G       G       Y       B       B
Cube 4 :       G       B       Y       R       R       R
Cube 1 :       B       Y       R       B       Y       G
--------------------------------------------------------------------------------

--------------------------------------------------------------------------------
Cube 3 :       R       Y       G       B       R       Y
Cube 4 :       B       G       R       Y       R       R
Cube 1 :       Y       B       B       R       G       Y
Cube 2 :       G       R       Y       G       B       B
--------------------------------------------------------------------------------

--------------------------------------------------------------------------------
Cube 3 :       Y       G       B       R       R       Y
Cube 4 :       G       R       Y       B       R       R
Cube 1 :       B       B       R       Y       G       Y
Cube 2 :       R       Y       G       G       B       B
--------------------------------------------------------------------------------

--------------------------------------------------------------------------------
Cube 3 :       G       B       R       Y       R       Y
Cube 4 :       R       Y       B       G       R       R
Cube 1 :       B       R       Y       B       G       Y
Cube 2 :       Y       G       G       R       B       B
--------------------------------------------------------------------------------

--------------------------------------------------------------------------------
Cube 3 :       B       R       Y       G       R       Y
Cube 4 :       Y       B       G       R       R       R
Cube 1 :       R       Y       B       B       G       Y
Cube 2 :       G       G       R       Y       B       B
--------------------------------------------------------------------------------

--------------------------------------------------------------------------------
Cube 3 :       R       B       G       Y       Y       R
Cube 4 :       B       Y       R       G       R       R
Cube 1 :       Y       R       B       B       Y       G
Cube 2 :       G       G       Y       R       B       B
--------------------------------------------------------------------------------

--------------------------------------------------------------------------------
Cube 3 :       B       G       Y       R       Y       R
Cube 4 :       Y       R       G       B       R       R
Cube 1 :       R       B       B       Y       Y       G
Cube 2 :       G       Y       R       G       B       B
--------------------------------------------------------------------------------

--------------------------------------------------------------------------------
Cube 3 :       G       Y       R       B       Y       R
Cube 4 :       R       G       B       Y       R       R
Cube 1 :       B       B       Y       R       Y       G
Cube 2 :       Y       R       G       G       B       B
--------------------------------------------------------------------------------

--------------------------------------------------------------------------------
Cube 3 :       Y       R       B       G       Y       R
Cube 4 :       G       B       Y       R       R       R
Cube 1 :       B       Y       R       B       Y       G
Cube 2 :       R       G       G       Y       B       B
--------------------------------------------------------------------------------

--------------------------------------------------------------------------------
Cube 3 :       R       Y       G       B       R       Y
Cube 4 :       B       G       R       Y       R       R
Cube 2 :       G       R       Y       G       B       B
Cube 1 :       Y       B       B       R       G       Y
--------------------------------------------------------------------------------

--------------------------------------------------------------------------------
Cube 3 :       Y       G       B       R       R       Y
Cube 4 :       G       R       Y       B       R       R
Cube 2 :       R       Y       G       G       B       B
Cube 1 :       B       B       R       Y       G       Y
--------------------------------------------------------------------------------

--------------------------------------------------------------------------------
Cube 3 :       G       B       R       Y       R       Y
Cube 4 :       R       Y       B       G       R       R
Cube 2 :       Y       G       G       R       B       B
Cube 1 :       B       R       Y       B       G       Y
--------------------------------------------------------------------------------

--------------------------------------------------------------------------------
Cube 3 :       B       R       Y       G       R       Y
Cube 4 :       Y       B       G       R       R       R
Cube 2 :       G       G       R       Y       B       B
Cube 1 :       R       Y       B       B       G       Y
--------------------------------------------------------------------------------

--------------------------------------------------------------------------------
Cube 3 :       R       B       G       Y       Y       R
Cube 4 :       B       Y       R       G       R       R
Cube 2 :       G       G       Y       R       B       B
Cube 1 :       Y       R       B       B       Y       G
--------------------------------------------------------------------------------

--------------------------------------------------------------------------------
Cube 3 :       B       G       Y       R       Y       R
Cube 4 :       Y       R       G       B       R       R
Cube 2 :       G       Y       R       G       B       B
Cube 1 :       R       B       B       Y       Y       G
--------------------------------------------------------------------------------

--------------------------------------------------------------------------------
Cube 3 :       G       Y       R       B       Y       R
Cube 4 :       R       G       B       Y       R       R
Cube 2 :       Y       R       G       G       B       B
Cube 1 :       B       B       Y       R       Y       G
--------------------------------------------------------------------------------

--------------------------------------------------------------------------------
Cube 3 :       Y       R       B       G       Y       R
Cube 4 :       G       B       Y       R       R       R
Cube 2 :       R       G       G       Y       B       B
Cube 1 :       B       Y       R       B       Y       G
--------------------------------------------------------------------------------

--------------------------------------------------------------------------------
Cube 4 :       B       G       R       Y       R       R
Cube 1 :       Y       B       B       R       G       Y
Cube 2 :       G       R       Y       G       B       B
Cube 3 :       R       Y       G       B       R       Y
--------------------------------------------------------------------------------

--------------------------------------------------------------------------------
Cube 4 :       G       R       Y       B       R       R
Cube 1 :       B       B       R       Y       G       Y
Cube 2 :       R       Y       G       G       B       B
Cube 3 :       Y       G       B       R       R       Y
--------------------------------------------------------------------------------

--------------------------------------------------------------------------------
Cube 4 :       R       Y       B       G       R       R
Cube 1 :       B       R       Y       B       G       Y
Cube 2 :       Y       G       G       R       B       B
Cube 3 :       G       B       R       Y       R       Y
--------------------------------------------------------------------------------

--------------------------------------------------------------------------------
Cube 4 :       Y       B       G       R       R       R
Cube 1 :       R       Y       B       B       G       Y
Cube 2 :       G       G       R       Y       B       B
Cube 3 :       B       R       Y       G       R       Y
--------------------------------------------------------------------------------

--------------------------------------------------------------------------------
Cube 4 :       B       Y       R       G       R       R
Cube 1 :       Y       R       B       B       Y       G
Cube 2 :       G       G       Y       R       B       B
Cube 3 :       R       B       G       Y       Y       R
--------------------------------------------------------------------------------

--------------------------------------------------------------------------------
Cube 4 :       Y       R       G       B       R       R
Cube 1 :       R       B       B       Y       Y       G
Cube 2 :       G       Y       R       G       B       B
Cube 3 :       B       G       Y       R       Y       R
--------------------------------------------------------------------------------

--------------------------------------------------------------------------------
Cube 4 :       R       G       B       Y       R       R
Cube 1 :       B       B       Y       R       Y       G
Cube 2 :       Y       R       G       G       B       B
Cube 3 :       G       Y       R       B       Y       R
--------------------------------------------------------------------------------

--------------------------------------------------------------------------------
Cube 4 :       G       B       Y       R       R       R
Cube 1 :       B       Y       R       B       Y       G
Cube 2 :       R       G       G       Y       B       B
Cube 3 :       Y       R       B       G       Y       R
--------------------------------------------------------------------------------

--------------------------------------------------------------------------------
Cube 4 :       B       G       R       Y       R       R
Cube 1 :       Y       B       B       R       G       Y
Cube 3 :       R       Y       G       B       R       Y
Cube 2 :       G       R       Y       G       B       B
--------------------------------------------------------------------------------

--------------------------------------------------------------------------------
Cube 4 :       G       R       Y       B       R       R
Cube 1 :       B       B       R       Y       G       Y
Cube 3 :       Y       G       B       R       R       Y
Cube 2 :       R       Y       G       G       B       B
--------------------------------------------------------------------------------

--------------------------------------------------------------------------------
Cube 4 :       R       Y       B       G       R       R
Cube 1 :       B       R       Y       B       G       Y
Cube 3 :       G       B       R       Y       R       Y
Cube 2 :       Y       G       G       R       B       B
--------------------------------------------------------------------------------

--------------------------------------------------------------------------------
Cube 4 :       Y       B       G       R       R       R
Cube 1 :       R       Y       B       B       G       Y
Cube 3 :       B       R       Y       G       R       Y
Cube 2 :       G       G       R       Y       B       B
--------------------------------------------------------------------------------

--------------------------------------------------------------------------------
Cube 4 :       B       Y       R       G       R       R
Cube 1 :       Y       R       B       B       Y       G
Cube 3 :       R       B       G       Y       Y       R
Cube 2 :       G       G       Y       R       B       B
--------------------------------------------------------------------------------

--------------------------------------------------------------------------------
Cube 4 :       Y       R       G       B       R       R
Cube 1 :       R       B       B       Y       Y       G
Cube 3 :       B       G       Y       R       Y       R
Cube 2 :       G       Y       R       G       B       B
--------------------------------------------------------------------------------

--------------------------------------------------------------------------------
Cube 4 :       R       G       B       Y       R       R
Cube 1 :       B       B       Y       R       Y       G
Cube 3 :       G       Y       R       B       Y       R
Cube 2 :       Y       R       G       G       B       B
--------------------------------------------------------------------------------

--------------------------------------------------------------------------------
Cube 4 :       G       B       Y       R       R       R
Cube 1 :       B       Y       R       B       Y       G
Cube 3 :       Y       R       B       G       Y       R
Cube 2 :       R       G       G       Y       B       B
--------------------------------------------------------------------------------

--------------------------------------------------------------------------------
Cube 4 :       B       G       R       Y       R       R
Cube 2 :       G       R       Y       G       B       B
Cube 1 :       Y       B       B       R       G       Y
Cube 3 :       R       Y       G       B       R       Y
--------------------------------------------------------------------------------

--------------------------------------------------------------------------------
Cube 4 :       G       R       Y       B       R       R
Cube 2 :       R       Y       G       G       B       B
Cube 1 :       B       B       R       Y       G       Y
Cube 3 :       Y       G       B       R       R       Y
--------------------------------------------------------------------------------

--------------------------------------------------------------------------------
Cube 4 :       R       Y       B       G       R       R
Cube 2 :       Y       G       G       R       B       B
Cube 1 :       B       R       Y       B       G       Y
Cube 3 :       G       B       R       Y       R       Y
--------------------------------------------------------------------------------

--------------------------------------------------------------------------------
Cube 4 :       Y       B       G       R       R       R
Cube 2 :       G       G       R       Y       B       B
Cube 1 :       R       Y       B       B       G       Y
Cube 3 :       B       R       Y       G       R       Y
--------------------------------------------------------------------------------

--------------------------------------------------------------------------------
Cube 4 :       B       Y       R       G       R       R
Cube 2 :       G       G       Y       R       B       B
Cube 1 :       Y       R       B       B       Y       G
Cube 3 :       R       B       G       Y       Y       R
--------------------------------------------------------------------------------

--------------------------------------------------------------------------------
Cube 4 :       Y       R       G       B       R       R
Cube 2 :       G       Y       R       G       B       B
Cube 1 :       R       B       B       Y       Y       G
Cube 3 :       B       G       Y       R       Y       R
--------------------------------------------------------------------------------

--------------------------------------------------------------------------------
Cube 4 :       R       G       B       Y       R       R
Cube 2 :       Y       R       G       G       B       B
Cube 1 :       B       B       Y       R       Y       G
Cube 3 :       G       Y       R       B       Y       R
--------------------------------------------------------------------------------

--------------------------------------------------------------------------------
Cube 4 :       G       B       Y       R       R       R
Cube 2 :       R       G       G       Y       B       B
Cube 1 :       B       Y       R       B       Y       G
Cube 3 :       Y       R       B       G       Y       R
--------------------------------------------------------------------------------

--------------------------------------------------------------------------------
Cube 4 :       B       G       R       Y       R       R
Cube 2 :       G       R       Y       G       B       B
Cube 3 :       R       Y       G       B       R       Y
Cube 1 :       Y       B       B       R       G       Y
--------------------------------------------------------------------------------

--------------------------------------------------------------------------------
Cube 4 :       G       R       Y       B       R       R
Cube 2 :       R       Y       G       G       B       B
Cube 3 :       Y       G       B       R       R       Y
Cube 1 :       B       B       R       Y       G       Y
--------------------------------------------------------------------------------

--------------------------------------------------------------------------------
Cube 4 :       R       Y       B       G       R       R
Cube 2 :       Y       G       G       R       B       B
Cube 3 :       G       B       R       Y       R       Y
Cube 1 :       B       R       Y       B       G       Y
--------------------------------------------------------------------------------

--------------------------------------------------------------------------------
Cube 4 :       Y       B       G       R       R       R
Cube 2 :       G       G       R       Y       B       B
Cube 3 :       B       R       Y       G       R       Y
Cube 1 :       R       Y       B       B       G       Y
--------------------------------------------------------------------------------

--------------------------------------------------------------------------------
Cube 4 :       B       Y       R       G       R       R
Cube 2 :       G       G       Y       R       B       B
Cube 3 :       R       B       G       Y       Y       R
Cube 1 :       Y       R       B       B       Y       G
--------------------------------------------------------------------------------

--------------------------------------------------------------------------------
Cube 4 :       Y       R       G       B       R       R
Cube 2 :       G       Y       R       G       B       B
Cube 3 :       B       G       Y       R       Y       R
Cube 1 :       R       B       B       Y       Y       G
--------------------------------------------------------------------------------

--------------------------------------------------------------------------------
Cube 4 :       R       G       B       Y       R       R
Cube 2 :       Y       R       G       G       B       B
Cube 3 :       G       Y       R       B       Y       R
Cube 1 :       B       B       Y       R       Y       G
--------------------------------------------------------------------------------

--------------------------------------------------------------------------------
Cube 4 :       G       B       Y       R       R       R
Cube 2 :       R       G       G       Y       B       B
Cube 3 :       Y       R       B       G       Y       R
Cube 1 :       B       Y       R       B       Y       G
--------------------------------------------------------------------------------

--------------------------------------------------------------------------------
Cube 4 :       B       G       R       Y       R       R
Cube 3 :       R       Y       G       B       R       Y
Cube 1 :       Y       B       B       R       G       Y
Cube 2 :       G       R       Y       G       B       B
--------------------------------------------------------------------------------

--------------------------------------------------------------------------------
Cube 4 :       G       R       Y       B       R       R
Cube 3 :       Y       G       B       R       R       Y
Cube 1 :       B       B       R       Y       G       Y
Cube 2 :       R       Y       G       G       B       B
--------------------------------------------------------------------------------

--------------------------------------------------------------------------------
Cube 4 :       R       Y       B       G       R       R
Cube 3 :       G       B       R       Y       R       Y
Cube 1 :       B       R       Y       B       G       Y
Cube 2 :       Y       G       G       R       B       B
--------------------------------------------------------------------------------

--------------------------------------------------------------------------------
Cube 4 :       Y       B       G       R       R       R
Cube 3 :       B       R       Y       G       R       Y
Cube 1 :       R       Y       B       B       G       Y
Cube 2 :       G       G       R       Y       B       B
--------------------------------------------------------------------------------

--------------------------------------------------------------------------------
Cube 4 :       B       Y       R       G       R       R
Cube 3 :       R       B       G       Y       Y       R
Cube 1 :       Y       R       B       B       Y       G
Cube 2 :       G       G       Y       R       B       B
--------------------------------------------------------------------------------

--------------------------------------------------------------------------------
Cube 4 :       Y       R       G       B       R       R
Cube 3 :       B       G       Y       R       Y       R
Cube 1 :       R       B       B       Y       Y       G
Cube 2 :       G       Y       R       G       B       B
--------------------------------------------------------------------------------

--------------------------------------------------------------------------------
Cube 4 :       R       G       B       Y       R       R
Cube 3 :       G       Y       R       B       Y       R
Cube 1 :       B       B       Y       R       Y       G
Cube 2 :       Y       R       G       G       B       B
--------------------------------------------------------------------------------

--------------------------------------------------------------------------------
Cube 4 :       G       B       Y       R       R       R
Cube 3 :       Y       R       B       G       Y       R
Cube 1 :       B       Y       R       B       Y       G
Cube 2 :       R       G       G       Y       B       B
--------------------------------------------------------------------------------

--------------------------------------------------------------------------------
Cube 4 :       B       G       R       Y       R       R
Cube 3 :       R       Y       G       B       R       Y
Cube 2 :       G       R       Y       G       B       B
Cube 1 :       Y       B       B       R       G       Y
--------------------------------------------------------------------------------

--------------------------------------------------------------------------------
Cube 4 :       G       R       Y       B       R       R
Cube 3 :       Y       G       B       R       R       Y
Cube 2 :       R       Y       G       G       B       B
Cube 1 :       B       B       R       Y       G       Y
--------------------------------------------------------------------------------

--------------------------------------------------------------------------------
Cube 4 :       R       Y       B       G       R       R
Cube 3 :       G       B       R       Y       R       Y
Cube 2 :       Y       G       G       R       B       B
Cube 1 :       B       R       Y       B       G       Y
--------------------------------------------------------------------------------

--------------------------------------------------------------------------------
Cube 4 :       Y       B       G       R       R       R
Cube 3 :       B       R       Y       G       R       Y
Cube 2 :       G       G       R       Y       B       B
Cube 1 :       R       Y       B       B       G       Y
--------------------------------------------------------------------------------

--------------------------------------------------------------------------------
Cube 4 :       B       Y       R       G       R       R
Cube 3 :       R       B       G       Y       Y       R
Cube 2 :       G       G       Y       R       B       B
Cube 1 :       Y       R       B       B       Y       G
--------------------------------------------------------------------------------

--------------------------------------------------------------------------------
Cube 4 :       Y       R       G       B       R       R
Cube 3 :       B       G       Y       R       Y       R
Cube 2 :       G       Y       R       G       B       B
Cube 1 :       R       B       B       Y       Y       G
--------------------------------------------------------------------------------

--------------------------------------------------------------------------------
Cube 4 :       R       G       B       Y       R       R
Cube 3 :       G       Y       R       B       Y       R
Cube 2 :       Y       R       G       G       B       B
Cube 1 :       B       B       Y       R       Y       G
--------------------------------------------------------------------------------

--------------------------------------------------------------------------------
Cube 4 :       G       B       Y       R       R       R
Cube 3 :       Y       R       B       G       Y       R
Cube 2 :       R       G       G       Y       B       B
Cube 1 :       B       Y       R       B       Y       G
--------------------------------------------------------------------------------

