Case #1: our language is impossible to understand
Case #2: there are twenty six factorial possibilities
Case #3: so it is okay if you want to just give up
Case #4: xoggk d yl wxo vkkvgo ekso uyl wonw sywy
Case #5: xkf yto akj
Case #6: yabba dabba yabba dabba yabba dabba yabba dabba yabba dabba yabba dabba yabba dabba yabba dooooooooo
Case #7: a b c d e f g h i j k l m n o p q r s t u v y w x y z now i know my abcs
Case #8: next time wont you sing with me
Case #9: greetings cheese popsicle the number you have dialed is currently out of porkchops
Case #10: whoooooooooooooooooooaaaaaaaaa i know c plus plus
Case #11: this is so exciting i have to go the bathroom
Case #12: swift as the wind quiet as the forest steady as the mountain
Case #13: our code jam is like the pythagorean theorem
Case #14: there is no answer
Case #15: buff tryndamere and amumu
Case #16: you know you want to
Case #17: thank you but the real googlerese is in another castle
Case #18: translating text is not goros strength
Case #19: strength is goros strength
Case #20: how are you holding up because im a potato
Case #21: oh yeah alright were gonna shake it up with the party bear tonight
Case #22: this here is gunpowder activated twenty seven caliber full auto no kickback nailthrowing mayhem
Case #23: in a world of direwolves and lions sometimes the rarest creature is a friend
Case #24: why do programmers always mix up halloween and christmas
Case #25: each of us has his own special gift and you know this was meant to be true
Case #26: and if you dont underestimate me i wont underestimate you
Case #27: pneumonoultramicroscopicsilicovolcanoconiosis
Case #28: my name is dug i have just met you and i looove you
Case #29: all your base are belong to error the spoony bard
Case #30: friends dont let friends let scientific progress go boink
