aaaaa: 5
aaaab: 1
aaaac: 1
aaaba: 1
aaabb: 1
aaabc: 1
aaaca: 1
aaacb: 1
aaacc: 1
aabaa: 1
aabab: 1
aabac: 1
aabba: 1
aabbb: 1
aabbc: 1
aabca: 1
aabcb: 1
aabcc: 1
aacaa: 1
aacab: 1
aacac: 1
aacba: 1
aacbb: 1
aacbc: 1
aacca: 1
aaccb: 1
aaccc: 1
abaaa: 1
abaab: 1
abaac: 1
ababa: 1
ababb: 1
ababc: 1
abaca: 1
abacb: 1
abacc: 1
abbaa: 1
abbab: 1
abbac: 1
abbba: 1
abbbb: 1
abbbc: 1
abbca: 1
abbcb: 1
abbcc: 1
abcaa: 1
abcab: 1
abcac: 1
abcba: 1
abcbb: 1
abcbc: 1
abcca: 1
abccb: 1
abccc: 1
acaaa: 1
acaab: 1
acaac: 1
acaba: 1
acabb: 1
acabc: 1
acaca: 1
acacb: 1
acacc: 1
acbaa: 1
acbab: 1
acbac: 1
acbba: 1
acbbb: 1
acbbc: 1
acbca: 1
acbcb: 1
acbcc: 1
accaa: 1
accab: 1
accac: 1
accba: 1
accbb: 1
accbc: 1
accca: 1
acccb: 1
acccc: 1
baaaa: 1
baaab: 1
baaac: 1
baaba: 1
baabb: 1
baabc: 1
baaca: 1
baacb: 1
baacc: 1
babaa: 1
babab: 1
babac: 1
babba: 1
babbb: 1
babbc: 1
babca: 1
babcb: 1
babcc: 1
bacaa: 1
bacab: 1
bacac: 1
bacba: 1
bacbb: 1
bacbc: 1
bacca: 1
baccb: 1
baccc: 1
bbaaa: 1
bbaab: 1
bbaac: 1
bbaba: 1
bbabb: 1
bbabc: 1
bbaca: 1
bbacb: 1
bbacc: 1
bbbaa: 1
bbbab: 1
bbbac: 1
bbbba: 1
bbbbb: 5
bbbbc: 1
bbbca: 1
bbbcb: 1
bbbcc: 1
bbcaa: 1
bbcab: 1
bbcac: 1
bbcba: 1
bbcbb: 1
bbcbc: 1
bbcca: 1
bbccb: 1
bbccc: 1
bcaaa: 1
bcaab: 1
bcaac: 1
bcaba: 1
bcabb: 1
bcabc: 1
bcaca: 1
bcacb: 1
bcacc: 1
bcbaa: 1
bcbab: 1
bcbac: 1
bcbba: 1
bcbbb: 1
bcbbc: 1
bcbca: 1
bcbcb: 1
bcbcc: 1
bccaa: 1
bccab: 1
bccac: 1
bccba: 1
bccbb: 1
bccbc: 1
bccca: 1
bcccb: 1
bcccc: 1
caaaa: 1
caaab: 1
caaac: 1
caaba: 1
caabb: 1
caabc: 1
caaca: 1
caacb: 1
caacc: 1
cabaa: 1
cabab: 1
cabac: 1
cabba: 1
cabbb: 1
cabbc: 1
cabca: 1
cabcb: 1
cabcc: 1
cacaa: 1
cacab: 1
cacac: 1
cacba: 1
cacbb: 1
cacbc: 1
cacca: 1
caccb: 1
caccc: 1
cbaaa: 1
cbaab: 1
cbaac: 1
cbaba: 1
cbabb: 1
cbabc: 1
cbaca: 1
cbacb: 1
cbacc: 1
cbbaa: 1
cbbab: 1
cbbac: 1
cbbba: 1
cbbbb: 1
cbbbc: 1
cbbca: 1
cbbcb: 1
cbbcc: 1
cbcaa: 1
cbcab: 1
cbcac: 1
cbcba: 1
cbcbb: 1
cbcbc: 1
cbcca: 1
cbccb: 1
cbccc: 1
ccaaa: 1
ccaab: 1
ccaac: 1
ccaba: 1
ccabb: 1
ccabc: 1
ccaca: 1
ccacb: 1
ccacc: 1
ccbaa: 1
ccbab: 1
ccbac: 1
ccbba: 1
ccbbb: 1
ccbbc: 1
ccbca: 1
ccbcb: 1
ccbcc: 1
cccaa: 1
cccab: 1
cccac: 1
cccba: 1
cccbb: 1
cccbc: 1
cccca: 1
ccccb: 1
ccccc: 5
