11320349
12593828
10159501
9971069
11363113
10568537
9720910
11993252
9527553
9048828
9464477
9024996
9216883
10933691
8724440
9915982
8237701
9696626
8196372
7897468
9806184
8396084
8872309
11666530
7855806
7737351
9637674
9155308
9757104
7359210
8092206
7316562
7611909
7952293
9246301
10635027
10524890
6889205
9346729
7983174
9672701
6761304
9924460
7570848
6604276
6649746
6734246
9883761
8755571
9852652
10175808
7438967
7280125
9291171
6590847
8207403
6618576
7063132
6702965
6900215
6734225
8951596
8760745
7641503
7015242
7117389
10464703
7789839
10110997
8340756
7458264
8566811
8640277
11145943
9083660
8943855
9623089
8925754
11621291
9702229
9364037
11141532
8712758
10460046
9686059
9239485
9349180
9237982
11419417
9275369
9382240
10386478
10658107
10617301
10049512
10224275
12472714
10483842
12077103
12313919
--------------------------
10635027
10524890
11145943
10464703
11141532
9924460
9883761
10933691
9852652
11419417
9757104
9806184
11363113
12077103
9915982
8755571
9696626
9155308
9623089
8207403
8943855
9216883
8340756
10386478
9686059
8566811
9464477
8925754
7570848
8724440
9720910
9527553
7280125
10159501
9239485
8196372
7063132
9971069
7737351
10049512
9237982
7015242
7897468
8237701
7458264
7359210
9275369
6889205
9382240
6604276
10483842
6618576
9048828
6590847
6761304
6734225
6702965
6649746
8712758
7316562
7855806
9024996
6734246
6900215
7117389
10224275
7611909
9349180
8396084
10568537
11320349
8092206
7952293
7789839
7641503
7438967
10617301
7983174
8872309
8640277
9364037
10658107
9083660
9702229
8760745
9637674
9246301
8951596
9346729
10460046
9291171
9672701
12313919
10110997
11993252
12593828
10175808
12472714
11666530
11621291
6590847
