Cube 1 :       G       B       Y       R       B       Y
Cube 1 :       B       Y       R       G       B       Y
Cube 1 :       Y       R       G       B       B       Y
Cube 1 :       R       G       B       Y       B       Y
Cube 1 :       G       R       Y       B       Y       B
Cube 1 :       R       Y       B       G       Y       B
Cube 1 :       Y       B       G       R       Y       B
Cube 1 :       B       G       R       Y       Y       B
Cube 1 :       Y       B       B       R       G       Y
Cube 1 :       B       B       R       Y       G       Y
Cube 1 :       B       R       Y       B       G       Y
Cube 1 :       R       Y       B       B       G       Y
Cube 1 :       Y       R       B       B       Y       G
Cube 1 :       R       B       B       Y       Y       G
Cube 1 :       B       B       Y       R       Y       G
Cube 1 :       B       Y       R       B       Y       G
Cube 1 :       G       B       Y       Y       R       B
Cube 1 :       B       Y       Y       G       R       B
Cube 1 :       Y       Y       G       B       R       B
Cube 1 :       Y       G       B       Y       R       B
Cube 1 :       G       Y       Y       B       B       R
Cube 1 :       Y       Y       B       G       B       R
Cube 1 :       Y       B       G       Y       B       R
Cube 1 :       B       G       Y       Y       B       R
