1468, -622 : 66291700
-231, -2115 : 66344523
8507, 1504 : 66442885
7200, -5477 : 66562970
-4866, -560 : 66529536
2581, 8879 : 66618275
9899, -508 : 66535889
10480, 2847 : 66629155
11639, -340 : 66685941
-7429, -3382 : 66816245
-8183, -109 : 66836677
-7580, 12083 : 67614026
13486, -8125 : 67244993
-2760, -10169 : 66956328
14293, -365 : 66984669
-9952, 956 : 67069874
-86, 13754 : 67276928
14795, -6666 : 67269788
15217, -4873 : 67206726
15434, 9588 : 67625382
3895, 15095 : 67445026
-714, 15162 : 67526067
-6842, 15366 : 67991745
16231, -8458 : 67616008
-747, 16098 : 67689687
13503, -13249 : 67839189
11963, 16324 : 68083646
12892, 17549 : 68373560
18477, -4324 : 67689523
14063, 18008 : 68579749
-14380, -3650 : 67786388
-14499, -1212 : 67774506
-14840, 728 : 67854528
-14844, 11116 : 68553478
13583, 18727 : 68653867
-15318, -13431 : 68778688
19790, 5427 : 67988450
20776, 2371 : 68034994
17053, 20105 : 69354052
20916, -14 : 68031504
9657, 20466 : 68673631
-12768, -17554 : 69012321
21277, -2857 : 68151929
-982, -17975 : 67991556
-17685, -2755 : 68412587
22297, 19422 : 70090086
22400, -12746 : 69065134
-10769, -18890 : 68974686
5461, 22134 : 68886912
22905, -18948 : 70105496
-492, -19345 : 68235349
-13501, 22380 : 70118421
-20410, -17655 : 70390434
-8069, -21427 : 69175626
-20736, 11233 : 69755071
25781, 3344 : 69139968
25830, 11917 : 69739520
26212, 12988 : 69948124
26219, -10116 : 69621586
-21841, -12742 : 70028756
-21883, 12158 : 70114170
-21984, 2449 : 69457315
-2324, -22884 : 69068179
26714, -7607 : 69547311
25772, 26043 : 72151336
-22532, -16056 : 70612163
-22043, -23518 : 71905647
-866, -23805 : 69239384
27186, 27094 : 72694381
9662, -24215 : 69527142
-23628, 4031 : 69937500
4360, 27356 : 70206100
-5080, 27369 : 70469976
-14491, -24894 : 70763512
-14883, 28216 : 71706235
-16019, 28229 : 71881451
20422, 28533 : 71791194
-8322, -25627 : 70169546
9115, 28765 : 70745258
-6267, 28945 : 70978994
29948, 11129 : 70662358
5139, 29243 : 70757670
30289, 20253 : 72021958
30318, -24739 : 72900474
30643, -4731 : 70425113
23515, -26978 : 71935010
28414, 30196 : 73758081
31177, 2964 : 70541068
25089, -27822 : 72461938
-22735, 31043 : 73851216
31994, 10032 : 71135275
-21408, -28302 : 72912567
-27718, 27364 : 74133915
-27923, 2577 : 71106625
14329, 31676 : 71978879
-20764, 31692 : 73632797
5991, -28928 : 70568988
-28599, -14882 : 72135358
33032, -11421 : 71526447
33055, 21044 : 72890764
33083, 13309 : 71778389
33231, 8215 : 71367673
31696, -29556 : 74421929
-9915, -29684 : 71411841
-4355, 32939 : 72050815
28962, 32958 : 74661007
-29257, 10233 : 71882539
23863, 32981 : 73613779
-29480, -30172 : 75379187
-14730, 33421 : 73172528
-29826, -16950 : 72792574
34291, 16562 : 72535728
-30012, 7967 : 71947384
34721, -26682 : 74505845
-30305, -21000 : 73575111
-30405, -24777 : 74342888
26771, -31130 : 73694642
-30442, 33604 : 76417094
-20760, -31980 : 73794410
22337, 35083 : 74030441
35817, 23557 : 74176498
-12831, 35281 : 73520778
-31633, 24150 : 74530310
36428, -10680 : 72521136
-32024, 19041 : 73780010
-32345, 1279 : 72497828
36983, 28383 : 75618809
-19445, 36293 : 74786353
7203, 36345 : 73091130
37187, -7256 : 72513468
37270, 6064 : 72519524
36269, 36646 : 77720686
37703, -27786 : 75633632
37710, -28468 : 75795251
-33443, 21610 : 74627688
-7242, 37694 : 73808068
20366, -34691 : 73614825
15539, 37773 : 74126308
30761, 37977 : 76686642
-10707, -35113 : 73224406
-34476, -25238 : 75724607
31003, -35190 : 75835707
39032, 15471 : 73904437
12334, 38363 : 74080554
-34740, -10251 : 73738393
-34831, 8255 : 73560064
-34846, -28438 : 76546706
24746, -35574 : 74634133
8086, -35599 : 72718482
-34933, -30816 : 77159956
-34959, 12623 : 73938981
39688, 34097 : 78003228
-16907, -36337 : 74458338
-35646, -17752 : 74868617
40115, 9482 : 73710976
40232, -31461 : 77357798
40272, 17686 : 74619260
22409, 39802 : 75717495
-36142, 17358 : 74876219
21375, -37105 : 74563403
-36690, 34800 : 78590476
21888, 40422 : 75877045
37796, -37940 : 78525559
-37299, -13016 : 74933905
-264, -38236 : 73568409
-37812, -34543 : 79124248
28521, 41748 : 77564367
-8487, 41846 : 75410378
37832, -39023 : 78888384
42801, -5357 : 74402519
42823, 41641 : 81389747
15792, -39200 : 74567162
37271, 42226 : 79878176
-38550, -16761 : 75836997
37685, 42446 : 80074144
20971, -39445 : 75316095
-38965, 37437 : 80058763
15735, 42707 : 76004572
-14459, -39763 : 75323301
-39493, 40638 : 81186198
-33433, -40270 : 79537039
43993, -19983 : 76324740
3204, -40363 : 74312429
44232, -23073 : 76917134
-40021, -13780 : 76063947
-21791, 43753 : 77798588
44477, -3854 : 74983965
5323, -40823 : 74513610
31554, 43907 : 79063830
2211, 44054 : 75870921
-8003, -41272 : 75170401
-33336, 44311 : 80544456
-40847, 19414 : 76854095
-11894, 44585 : 76761615
7847, -41746 : 74953348
27328, 44831 : 78554940
45570, -34478 : 80012309
-41159, 34906 : 80102653
-41436, -2819 : 75882398
23758, -42288 : 76797798
7943, -42328 : 75184071
35091, -42500 : 79327898
-41933, 23830 : 77965107
46372, 41627 : 82599963
42746, 46009 : 82904570
-42356, -24301 : 78475414
34217, -43185 : 79355595
11732, 46207 : 77082685
47079, 18252 : 77313346
47378, -40920 : 82614449
-39749, 46776 : 83258557
-41696, -43782 : 83394162
-43289, 21716 : 78140456
40561, 47616 : 82846254
-43929, 21418 : 78351480
48553, 32805 : 80826362
-39039, -44932 : 82905974
48536, -44975 : 84418625
-29735, 48064 : 81078824
-44651, -37619 : 82495640
49109, 14132 : 77597490
49355, -44913 : 84692891
49391, -31077 : 80628545
21459, -45703 : 77792262
-45070, 6038 : 77418313
36900, 48962 : 82401837
-26972, 48985 : 80851417
45234, -46160 : 83701798
49970, 29570 : 80615119
-45569, -35645 : 82316213
-45787, -37307 : 82857096
-35132, -46597 : 82328546
36979, -46892 : 81504491
50702, -24151 : 79730923
35024, 50042 : 82402668
-46348, -37946 : 83262513
-46432, 23185 : 79661549
-20372, 50194 : 80173564
50986, 31391 : 81456152
-30585, -47291 : 81358742
-2486, -47470 : 77333013
-46801, -39768 : 83981358
51262, -41555 : 84265911
-20650, -47570 : 79361587
51338, -27910 : 80731467
-47102, 42064 : 84243818
51707, -14367 : 78732960
-7739, 51071 : 79150646
-47377, 9032 : 78544031
21415, 51148 : 80350223
42467, -48185 : 83577788
-27614, 51244 : 81927372
-139, -48262 : 77605647
51991, -449 : 78081857
-47671, 22365 : 80061939
-47751, -23915 : 80717555
13648, 51494 : 79576208
-47912, 7540 : 78708222
-47933, -44080 : 85849396
52359, -32891 : 82298912
-25901, -48696 : 80850824
52510, 7582 : 78509410
52860, 43426 : 85643675
-10667, -49229 : 78689490
51906, 52274 : 88455967
8805, -49408 : 78207581
-48811, -23186 : 81073238
-48906, -39632 : 84822572
53411, 35684 : 83563346
30125, -49800 : 81060290
47129, 53057 : 87088042
54013, 36316 : 83994776
54015, -12431 : 79570311
-49624, 13930 : 79904666
-29634, 53365 : 83255356
-41810, -50358 : 85931349
14400, 53377 : 80533123
54393, -201 : 79167643
-45297, -50739 : 87308541
54552, 47726 : 87772593
-19244, -51126 : 80666746
28545, 54305 : 82993508
55146, 8626 : 79797984
19448, 54500 : 81650537
-44219, -51554 : 87246555
-50867, -8096 : 80274822
55302, -16671 : 80638609
-50926, 9855 : 80199336
-35343, 54675 : 85101260
55398, -12813 : 80253036
12489, -51833 : 79525118
55659, -24285 : 81946272
-51289, 20043 : 81355029
-16231, -52067 : 80621081
27291, 55093 : 83144618
39219, -52119 : 84254828
55857, 50359 : 89255499
-51616, -41550 : 86591478
56053, -22818 : 81877010
-16929, -52397 : 80871810
56279, -33079 : 84061644
22778, -52582 : 81017856
-17038, -52698 : 81025676
56451, 389 : 80138362
5259, -52857 : 79713246
56905, 41695 : 86777805
-35092, 56615 : 85873791
-52925, -46199 : 88662256
-12682, -53656 : 80911247
57385, 16580 : 81666040
-52988, 12542 : 81350916
57477, 39681 : 86433197
16180, 56893 : 82427970
-53190, -5885 : 81265403
57761, 9373 : 81122559
57887, -28954 : 83892970
58115, -1720 : 80958891
20951, -54473 : 81652968
58208, -36338 : 85751092
58705, -37328 : 86242522
50613, 58063 : 90411084
58777, 18744 : 82640021
40752, 58116 : 87507859
-12002, -55394 : 81664268
38749, 58419 : 87159996
59221, 51764 : 91170928
59262, 27445 : 84351282
59502, -26900 : 84250209
-55146, 19686 : 83115068
-55191, 31216 : 84959767
-55199, -32128 : 85817647
-55271, -45482 : 89480931
-55343, -5411 : 82302900
10168, 59083 : 83022480
-55434, 7317 : 82274119
-4240, -56202 : 81482111
27048, 59508 : 85278727
-55882, -7639 : 82690077
15394, -56600 : 82065340
60367, -5766 : 82184711
-6532, -56822 : 81910641
12964, -57079 : 82115893
61480, 45558 : 90021149
-57079, -52362 : 92694980
-49969, 60840 : 91911873
-57128, -12556 : 83696314
61902, 16402 : 83904551
21419, -58199 : 83541323
-57538, -1863 : 83280449
62146, -46235 : 90459018
38408, -58458 : 86920710
47244, -58467 : 89451595
-17901, -58522 : 83960245
46539, -58583 : 89284649
-57975, -39884 : 89126345
62476, -25075 : 85395924
-58055, 12667 : 83896927
-58136, -14503 : 84410222
62694, -53141 : 93063867
62697, 14998 : 84158971
-44981, 61997 : 90863198
-58350, -7699 : 83951933
-58380, 34489 : 87099573
-58439, -44784 : 90766703
-56737, -59243 : 95287455
20997, 62302 : 85788436
1171, 62514 : 84462537
63429, -2158 : 83686932
-52112, 62783 : 93473672
63532, 36476 : 88451147
-27940, -59882 : 86455072
36855, -59988 : 87286095
-1624, -60032 : 83340782
-22902, -60076 : 85548195
-59492, 5400 : 84291815
22597, 63492 : 86640391
64218, 43431 : 90657135
-9276, -60509 : 83996232
7464, 63547 : 85212401
39223, 63547 : 89843458
64332, -22391 : 85907438
-27035, -60868 : 86753417
-25393, -60882 : 86418860
-15222, -60991 : 84860158
49772, -61036 : 91449962
62449, 64172 : 97603569
2872, -61202 : 83901713
-34531, -61238 : 88716830
-60147, 64294 : 97124314
-6755, 64374 : 85627489
65083, 6769 : 84784003
-8173, -61391 : 84382018
-60771, 28640 : 87192748
-55633, -61483 : 95797290
-33676, -61520 : 88644411
8379, -61599 : 84218109
-60902, 11464 : 85312240
65379, -55722 : 95236869
55720, 64716 : 95280223
7212, 64959 : 85973117
-61304, -40898 : 91103487
65948, 52104 : 94323091
-61556, -23936 : 87479990
219, 65380 : 86022301
-3172, -62433 : 84665270
-25899, -62529 : 87373884
66258, 7904 : 85495288
-61847, 42291 : 90517891
59210, -62682 : 95567704
-62282, 59300 : 96056491
-23642, -63013 : 87195548
-37204, 66028 : 90742215
66781, -35223 : 89698209
25617, -63108 : 86692372
42091, 66137 : 91908911
-10894, 66168 : 86853367
66917, 60402 : 97917269
44851, 66255 : 92701613
-51359, 66276 : 94788837
-25304, 66390 : 88634665
-62780, 37927 : 89951279
-62800, -51615 : 95108008
-48828, -63548 : 94186509
21810, 66578 : 88214182
58085, -63603 : 95550999
-13698, -63647 : 86098499
5316, 66761 : 86894468
-63086, 44369 : 91645188
67535, -33406 : 89681666
-63277, 56252 : 95388349
-63293, 60603 : 96975555
67782, 890 : 86087693
-63403, 34920 : 89647294
67868, -41626 : 91905010
-58679, 67388 : 97850763
68140, 59561 : 98139855
47811, -64447 : 92471620
-50468, -64614 : 95270625
-63943, -16235 : 87720662
68418, -223 : 86444697
28791, 67762 : 89940085
35281, 67774 : 91207701
68496, -13288 : 87046027
-24513, -64837 : 88336984
-64176, 36777 : 90406424
-64294, -21458 : 88585261
-64383, 12828 : 87280515
68820, 35611 : 90945550
68940, -11475 : 87137937
52547, -65270 : 94374911
58432, 68295 : 97991852
69210, 44022 : 93364546
-64828, -11626 : 87748838
485, 68577 : 87839461
1953, -65587 : 86286796
69542, -36349 : 91425834
-33007, 68836 : 91267070
-49552, -66158 : 95693655
52799, -66210 : 94921966
-20183, -66228 : 88348972
-27294, 69312 : 90487773
70051, 59306 : 98943143
50805, -66345 : 94338478
-65640, -59133 : 99236316
-37110, -66358 : 92045667
26514, -66413 : 88624609
-65715, 3706 : 87673428
50792, -66458 : 94390709
65882, -66522 : 99998297
42967, 69580 : 94002608
3107, 69631 : 88480830
-66050, 61323 : 98461310
-66063, 50704 : 94882823
-28365, -66809 : 90183422
70580, 2528 : 87725650
-66187, 64774 : 99880105
-17473, -67014 : 88402794
-66410, -64112 : 101641187
57424, 70185 : 98599929
-66490, 58287 : 97551378
49169, -67359 : 94337734
71102, -64712 : 101502055
67598, -67416 : 101142948
62470, 70428 : 100569659
-41529, -67435 : 93835004
-66794, 22357 : 89469313
-39210, 70583 : 93504810
71315, 38452 : 92972771
-58130, 70614 : 99127848
71350, 3541 : 88206677
-34732, 70648 : 92557814
-13119, -67700 : 88301391
8798, -67971 : 87790052
71706, -67809 : 103164684
72125, 62811 : 101351682
72137, 53675 : 97888016
72164, -63453 : 101457763
-61440, 71475 : 100778474
25644, -68475 : 89665306
-68107, 61384 : 99429641
23943, 71857 : 91511922
16804, 71863 : 90633619
-47765, -68980 : 96522906
-68285, 19486 : 90004917
72761, 71895 : 105631991
72959, 16168 : 89996013
73042, -26665 : 91406559
-8024, 72351 : 90202968
33880, -69352 : 91600042
-68663, 8483 : 89480465
42175, -69371 : 93482241
-68691, 5677 : 89415180
-24219, 72497 : 91772942
73234, 30107 : 92183572
-68884, -62762 : 102266703
73336, 15499 : 90146820
71994, 72702 : 105664620
73433, -33234 : 92873006
58671, -69763 : 98720951
43881, -69887 : 94191384
57111, -69938 : 98256190
-69315, 42871 : 94409641
-12723, 73067 : 90880552
73859, -58425 : 100330569
36879, 73250 : 94617566
-19141, 73265 : 91557127
36343, 73288 : 94521900
-39555, -70310 : 94827565
31417, -70342 : 91681016
-69661, 63453 : 100947397
74106, 53171 : 98740727
13776, 73500 : 91325676
-59578, 73663 : 101134640
63011, -70873 : 100894793
74592, 23324 : 91835188
74611, -55519 : 99677164
18336, 73918 : 92021086
-70511, -57308 : 101033682
75002, 28231 : 92855758
-64008, -71303 : 103839176
75081, -16232 : 91143733
-70703, 65880 : 102395979
45086, -71454 : 95362230
-27358, -71466 : 92604397
-68394, 74489 : 105056680
75246, -12881 : 90953042
68853, -71545 : 103641210
3139, -71586 : 89782671
-70968, 7881 : 90813040
-71002, -71332 : 107021915
-71043, 3866 : 90768726
73082, -71828 : 105660041
58248, 74853 : 101380830
-32318, 74879 : 94376966
-6768, -71924 : 90259619
-71278, 55800 : 99029867
75735, -42824 : 96430556
14070, 75049 : 92283882
-55282, -72043 : 100706837
-71376, -54699 : 100609262
-70610, 75161 : 106343584
-51782, 75168 : 99275091
-32702, 75413 : 94747567
-71957, 36365 : 94434694
2785, -72681 : 90443400
-65015, -72721 : 104962307
-46801, -72814 : 98280976
-72271, 17692 : 92132796
46598, 76178 : 98662550
-16891, 76215 : 93049919
46359, -73209 : 96678798
-72685, -33144 : 95574640
77124, -13369 : 92142800
77204, -35163 : 95448148
-19480, -73518 : 92509177
64102, -73587 : 102697844
-72909, -29858 : 95042896
77347, -68910 : 106335443
33913, 76648 : 96008624
77375, -29521 : 94449944
-72995, 31939 : 94231938
-28530, -73815 : 94211227
77148, 76899 : 110010683
-73274, -63809 : 104934709
-73538, -42536 : 98275233
68749, 77294 : 106557646
-73600, -57620 : 102823149
-66837, 77332 : 105742936
78122, -62897 : 104254939
53469, 77418 : 101314320
-72441, -74463 : 109162148
14394, 77833 : 94034448
-66669, 77887 : 105949760
-74252, -5992 : 92931056
-13521, 78013 : 93883592
-74342, -15109 : 93687505
-74360, -21927 : 94580397
57704, -75081 : 101139249
-38035, -75095 : 97098117
78979, 42766 : 98366161
78981, 73823 : 109442315
79031, 64722 : 105585116
-7928, 78345 : 93832463
79241, -72739 : 108983774
-74829, -55682 : 102861859
79353, -71401 : 108430095
79424, 37511 : 97359193
49346, -76045 : 99100892
79865, -26582 : 95437721
-49336, 79327 : 100797360
80092, 49949 : 101038956
-33191, 79386 : 97126591
23539, -76418 : 94123317
44797, 79518 : 100156947
80236, -73099 : 109635049
-63244, 79550 : 105479356
-75896, 28540 : 95430903
41806, -76608 : 97490407
-37640, -76631 : 97894826
42122, -76643 : 97586709
9911, -76663 : 93095503
80400, 31816 : 96749506
22202, 79708 : 96009779
80565, 44108 : 99638224
-71642, -76951 : 109984510
18418, 79981 : 95746454
-76338, -41956 : 99775117
80761, -50714 : 101500670
-76366, 70241 : 106908636
-10693, -77083 : 93705610
80915, -35499 : 97733584
-76534, -20493 : 95724467
-66979, -77326 : 108107490
81148, 60847 : 105239149
-43479, 80513 : 99937521
-76821, 38238 : 97559176
-76956, 63179 : 104500189
-25554, 80739 : 96695156
40475, 80773 : 99890499
-40583, 80868 : 99472514
81587, 47436 : 101154121
81642, 79098 : 113187963
81678, -18887 : 95539759
81690, 57283 : 104298662
-77374, 71755 : 108040909
-23954, 81176 : 96752029
31136, 81209 : 98311209
-77609, -70614 : 109985534
-77612, 38779 : 98125313
26807, -78387 : 95794850
7239, -78452 : 94142252
82225, -50212 : 102194010
-77818, 39036 : 98296333
-77892, 67233 : 106490946
-77957, 79212 : 111597972
82412, 41590 : 100094782
81607, 81732 : 114443071
42941, -78804 : 99064726
-78132, -23613 : 97193754
-78165, -38669 : 100079219
-78223, -50577 : 103251175
486, -78942 : 94401050
-2833, -78949 : 94467663
82817, 40785 : 100144333
82884, -41815 : 100344470
52301, 82200 : 103802672
59704, -79204 : 104107454
-78659, 77162 : 111006802
11881, -79367 : 94916673
-46134, -79401 : 101804795
83150, 79360 : 114045347
83210, 63110 : 107205309
-78815, -64528 : 108229990
-38897, -79566 : 99948371
83377, -79358 : 114104514
-17094, -79757 : 96101552
-79142, -48129 : 103102994
72729, 82959 : 111182203
83709, -52286 : 103691341
83768, -43103 : 101193338
-5237, -80075 : 95285814
83791, -41657 : 100857077
-61006, 83162 : 106605890
-77048, 83222 : 113066510
83970, 80469 : 114974693
84086, -64739 : 108199240
-43128, -80507 : 101614576
-4619, -80572 : 95583120
-79891, 16405 : 96670196
-79892, 23038 : 97214628
-80049, -62908 : 108340349
-80060, 33045 : 98602855
-80130, -44099 : 102619667
-80144, -12713 : 97168775
36931, -80953 : 99092525
-80370, 70730 : 109154186
47310, 84132 : 103610462
-14140, -81157 : 96669317
59838, -81172 : 105283473
-38925, -81238 : 100975484
-80657, -65029 : 109460416
-80690, 74465 : 110843321
-26504, 84531 : 99153678
69863, -81558 : 109215314
64172, -81564 : 107041305
51908, 84720 : 105226245
20193, 84857 : 99083446
-69004, -81957 : 111379654
-18130, 84985 : 98576092
85713, 12261 : 97656967
-81320, 50725 : 103056013
85782, -40884 : 101913170
-14189, -82138 : 97322405
-53914, -82166 : 105860338
81274, 85227 : 116047730
86186, 64401 : 109354556
24132, 85488 : 99972629
-4000, -82483 : 96828956
-37033, -82490 : 101299737
77095, -82538 : 112765611
-30242, 85565 : 100343055
86286, -27592 : 99650707
86353, 53174 : 105689543
84051, -82728 : 116075774
-82084, 8283 : 97734661
-34199, 85828 : 101177029
53115, -82872 : 104182776
-82180, 57167 : 105382508
86606, -4143 : 97883927
75437, -82893 : 112231274
-24492, 85975 : 99824781
86768, 31301 : 100694950
24404, -83143 : 98536656
86881, 15947 : 98718941
-46023, -83182 : 104019807
86962, -49434 : 104821750
-82553, 59812 : 106416541
43194, 86359 : 104006207
-65528, 86385 : 110012193
87175, 68742 : 111549333
66947, -83463 : 109143855
39670, 86592 : 103378142
-82882, -18222 : 99552276
-82919, -69576 : 112476894
70609, 86645 : 112438483
87360, -43655 : 103549387
73197, 86692 : 113446659
-18387, 86796 : 99769885
4427, -83822 : 97627464
87674, -5506 : 98646456
87686, -6038 : 98672409
-37268, 86992 : 102460399
-83312, 75678 : 112705969
87742, 35301 : 102052058
86966, 87073 : 119673899
88009, 23003 : 100236110
-83617, 76643 : 113271900
88097, 72942 : 113751789
-66352, -84407 : 111619976
88124, -8328 : 99066612
-83782, -46333 : 105465551
-66710, -84555 : 111845128
88319, -15037 : 99606165
-84011, 76573 : 113448870
88465, -65624 : 111025634
88516, 62325 : 109971924
88537, 261 : 99163116
18925, -84918 : 99117046
-84215, 10424 : 99180423
-21882, 88279 : 101048705
74962, 88337 : 115071262
89184, -6598 : 99723335
12949, 88504 : 100884452
-68227, 88520 : 112200984
-84845, -76844 : 116517756
-25293, 88589 : 101614464
-76946, 88616 : 115762094
-85076, -47495 : 106602240
89560, 7884 : 100036881
89592, 5209 : 99978795
-85329, -64615 : 112064335
89759, -68156 : 112715418
-47621, 89093 : 106076647
89803, 63679 : 111202731
-12471, 89127 : 100967380
67536, 89137 : 112822203
89909, -40398 : 104421100
-35575, 89304 : 103584069
-85613, 41668 : 103556460
19014, 89404 : 102018288
-12585, -86540 : 100160830
90279, -83394 : 119469767
35387, -86596 : 102447951
-35966, 89629 : 103861738
14147, -86770 : 100005796
90491, 29640 : 102873325
48177, -86860 : 105309891
-40216, 89888 : 104872492
44859, 89915 : 106710820
90667, 30697 : 103159034
90697, 19003 : 101603073
-40054, -87147 : 104959507
-76248, 90210 : 116327135
8349, -87307 : 100099567
91033, -42191 : 105555149
-72394, 90333 : 114823859
91073, -82073 : 119255555
91074, 41666 : 105571109
-86688, -1648 : 100883593
91168, 54418 : 109003430
-71152, -87467 : 115274284
-86762, 19981 : 101338025
91476, 78303 : 117873724
91480, -36658 : 104653214
17666, 90932 : 102941195
-87288, -82032 : 120116365
91712, 9390 : 101599396
-52711, 91163 : 108716789
-87621, -1886 : 101536651
-87634, -51388 : 109314934
79189, 91407 : 118527555
-87770, 67212 : 111913165
92327, 74484 : 116730982
-38713, 91664 : 105698620
-88038, 48144 : 106497649
47692, -88774 : 106434394
-38341, 91893 : 105771089
-88270, 12267 : 101944680
69559, 92040 : 115286282
48872, -89093 : 106936958
92868, -36321 : 105511786
-59789, 92166 : 111435576
13687, -89164 : 101645473
92915, 74608 : 117115684
-88552, 69277 : 113096477
93067, 43534 : 107319084
-88749, -27423 : 104772384
-23290, -89521 : 103420694
93247, 25437 : 104130381
-78677, -89561 : 119653836
-46024, -89583 : 108052094
-52535, 92845 : 109715657
-89185, 73623 : 115091428
-89267, 83304 : 119151569
-81748, 93163 : 120281255
92918, -90216 : 124138218
-89517, -13967 : 103661298
-89603, 65443 : 112394040
-237, 93375 : 103701772
94096, -83078 : 121324030
-89795, -39371 : 107728834
-37633, -90549 : 106663146
-89887, -74349 : 118367539
94316, -73601 : 117470745
-90028, -28352 : 105800459
94544, -47835 : 109267648
56077, -90916 : 110092625
55737, 94014 : 112195095
-90300, -25373 : 105534096
94766, -69028 : 116014197
94213, 94242 : 126825154
47545, -91328 : 108102750
81981, -91395 : 119658969
-1664, 94440 : 104429667
95413, 83169 : 122166258
-91016, -48669 : 110784051
-32071, 94820 : 106646729
-91113, 6832 : 103791378
95570, -63117 : 114426921
-91149, 37030 : 106315093
55555, 94957 : 112761919
-91268, 11408 : 103967581
-7184, 95002 : 104828016
-48539, -92023 : 110320570
-37154, 95031 : 107618934
-29261, 95115 : 106468547
-91408, -86029 : 124119427
12744, 95159 : 105508904
-12866, 95196 : 105133333
-91562, -73155 : 118917833
-91735, 47994 : 108864253
-91740, 25878 : 105230204
-82618, 95493 : 121938267
-91852, -67309 : 117003383
80248, -92565 : 119582841
96301, -83105 : 122550928
6573, -92587 : 103787612
96316, -65381 : 115661439
52059, -92708 : 110154160
68211, 95768 : 117153983
-83735, -92998 : 123771048
96762, 46892 : 110594538
-92344, 70353 : 115718577
64105, -93171 : 113990880
-39175, 96187 : 108777582
96920, 25210 : 106685799
96940, 73966 : 119222554
-92549, -11722 : 105623456
79461, 96344 : 121541294
70491, -93409 : 116297602
-92720, 94980 : 126434927
97180, -16597 : 105978198
97200, -62059 : 115117222
-78150, 96561 : 120655083
-77999, 96564 : 120595185
-16882, -93566 : 105517563
97281, 55173 : 113126692
-92906, 33065 : 106894787
-92949, -52252 : 113027179
-92995, -33941 : 108822650
-38413, 96774 : 109033567
20018, -93790 : 105383191
-85038, 96800 : 123714794
-35827, -93820 : 108520835
97577, -85735 : 124417175
-89871, 96895 : 125996873
-8693, -93902 : 105109008
97641, -34133 : 108416182
-93228, -15315 : 106427016
97669, 8057 : 105805860
-77404, 97003 : 120608607
-2105, -94113 : 104955615
-43929, -94136 : 110536957
86230, 97145 : 124743126
-63403, -94159 : 116327076
4477, -94161 : 104921163
39357, -94187 : 108304904
-62996, 97292 : 115615664
81022, 97336 : 122742991
-19651, 97373 : 107091798
98200, 27650 : 107919987
3034, 97527 : 106694523
-93832, 25245 : 106608109
76799, -94632 : 119389930
98411, -36364 : 109351144
-94014, 40137 : 108793346
98464, -28203 : 108129954
98526, -15684 : 106886298
98565, -79183 : 122182717
98658, 30160 : 108608079
-74090, -94973 : 120748744
-89255, 97985 : 126267647
-94307, 52780 : 111691772
98734, -1735 : 106460043
98835, 39586 : 110415871
16817, 98130 : 107984825
-40548, 98206 : 110418162
98926, 38021 : 110172666
98979, 23281 : 107933598
39564, 98428 : 111364462
93121, 98517 : 128532796
69700, 98550 : 119430341
-94884, 41332 : 109606673
99368, -70305 : 119291103
-32851, 98693 : 109452856
99485, -59386 : 115755316
-95080, 43154 : 110091356
93072, 98832 : 128680537
1039, 99068 : 107749971
-95412, -92894 : 129426842
46055, 99206 : 113278015
-95729, 56143 : 113484969
-83486, 99475 : 124537942
-95805, 74099 : 119153940
-89151, -96647 : 128200705
39763, 99695 : 112301474
-96115, -32987 : 110849656
-45477, -96909 : 112812757
-95553, -96928 : 131463187
-86186, -97081 : 127067739
34956, -97090 : 109586267
-15219, -97123 : 107960723
-96484, 68590 : 117676947
51787, -97422 : 113300249
-96843, -25489 : 110218500
-96948, 97425 : 129778387
-20698, -97784 : 108985663
-97310, 11663 : 108248606
-97338, 44921 : 111990973
-97446, 62319 : 116331914
-97469, 60880 : 115928907
-92865, -98234 : 130797282
-97540, 13183 : 108461259
-83747, -98346 : 126680999
-97646, -11389 : 109288440
-63480, -98405 : 119015497
-98017, 76452 : 121356252
-4250, -99085 : 108744829
10595, -99101 : 108722600
-98588, 70297 : 119574826
-98616, 25650 : 110024487
96267, -99371 : 130465736
-49530, -99465 : 115589196
-99038, -31291 : 112684006
-59944, -99837 : 118811767
-99253, 26508 : 110564447
-99357, -51770 : 117270657
-99711, 69170 : 119929509
-99757, 73544 : 121406554
-99773, 46110 : 113927178
-99923, 90068 : 127964492
